#
# There is insufficient memory for the Java Runtime Environment to continue.
# Native memory allocation (mmap) failed to map 165150720 bytes for committing reserved memory.
# Possible reasons:
#   The system is out of physical RAM or swap space
#   The process is running with CompressedOops enabled, and the Java Heap may be blocking the growth of the native heap
# Possible solutions:
#   Reduce memory load on the system
#   Increase physical memory or swap space
#   Check if swap backing store is full
#   Decrease Java heap size (-Xmx/-Xms)
#   Decrease number of Java threads
#   Decrease Java thread stack sizes (-Xss)
#   Set larger code cache with -XX:ReservedCodeCacheSize=
#   JVM is running with Unscaled Compressed Oops mode in which the Java heap is
#     placed in the first 4GB address space. The Java Heap base address is the
#     maximum limit for the native heap growth. Please use -XX:HeapBaseMinAddress
#     to set the Java Heap base and to place the Java Heap above 4GB virtual address.
# This output file may be truncated or incomplete.
#
#  Out of Memory Error (os_linux.cpp:2749), pid=7520, tid=0x00007f4825302700
#
# JRE version: Java(TM) SE Runtime Environment (8.0_231-b11) (build 1.8.0_231-b11)
# Java VM: Java HotSpot(TM) 64-Bit Server VM (25.231-b11 mixed mode linux-amd64 compressed oops)
# Failed to write core dump. Core dumps have been disabled. To enable core dumping, try "ulimit -c unlimited" before starting Java again
#

---------------  T H R E A D  ---------------

Current thread (0x00007f48381d2000):  VMThread [stack: 0x00007f4825203000,0x00007f4825303000] [id=7539]

Stack: [0x00007f4825203000,0x00007f4825303000],  sp=0x00007f48253013f0,  free space=1016k
Native frames: (J=compiled Java code, j=interpreted, Vv=VM code, C=native code)
V  [libjvm.so+0xad4455]  VMError::report_and_die()+0x2e5
V  [libjvm.so+0x4e0787]  report_vm_out_of_memory(char const*, int, unsigned long, VMErrorType, char const*)+0x67
V  [libjvm.so+0x910680]  os::pd_commit_memory(char*, unsigned long, unsigned long, bool)+0x100
V  [libjvm.so+0x907caf]  os::commit_memory(char*, unsigned long, unsigned long, bool)+0x1f
V  [libjvm.so+0x98ca96]  PSVirtualSpace::expand_by(unsigned long)+0x56
V  [libjvm.so+0x98dd28]  PSYoungGen::resize(unsigned long, unsigned long)+0xd8
V  [libjvm.so+0x98a4c6]  PSScavenge::invoke_no_policy()+0x1376
V  [libjvm.so+0x98a85c]  PSScavenge::invoke()+0x4c
V  [libjvm.so+0x93a5a8]  ParallelScavengeHeap::failed_mem_allocate(unsigned long)+0x68
V  [libjvm.so+0xad5fa3]  VM_ParallelGCFailedAllocation::doit()+0x93
V  [libjvm.so+0xadb216]  VM_Operation::evaluate()+0x46
V  [libjvm.so+0xad954d]  VMThread::evaluate_operation(VM_Operation*) [clone .constprop.44]+0xcd
V  [libjvm.so+0xad9b33]  VMThread::loop()+0x3a3
V  [libjvm.so+0xad9f08]  VMThread::run()+0x78
V  [libjvm.so+0x90dcb2]  java_start(Thread*)+0x102

VM_Operation (0x00007f480422a730): ParallelGCFailedAllocation, mode: safepoint, requested by thread 0x00007f47cc003800


---------------  P R O C E S S  ---------------

Java Threads: ( => current thread )
  0x00007f47b4010800 JavaThread "JMX server connection timeout 34" daemon [_thread_blocked, id=7609, stack(0x00007f47bdcd2000,0x00007f47bddd3000)]
  0x00007f47c0b07800 JavaThread "container-0" [_thread_blocked, id=7605, stack(0x00007f47bdfd3000,0x00007f47be0d4000)]
  0x00007f47c0b02000 JavaThread "ContainerBackgroundProcessor[StandardEngine[Tomcat]]" daemon [_thread_blocked, id=7604, stack(0x00007f47be0d4000,0x00007f47be1d5000)]
  0x00007f47ac017000 JavaThread "localhost-startStop-1" daemon [_thread_blocked, id=7601, stack(0x00007f47be1d5000,0x00007f47be2d6000)]
  0x00007f47c0b01800 JavaThread "Tomcat-startStop-1" daemon [_thread_blocked, id=7600, stack(0x00007f47becd6000,0x00007f47bedd7000)]
  0x00007f47c02b9000 JavaThread "spring.cloud.inetutils" daemon [_thread_in_native, id=7586, stack(0x00007f480402f000,0x00007f4804130000)]
  0x00007f47b400c000 JavaThread "RMI Scheduler(0)" daemon [_thread_blocked, id=7580, stack(0x00007f47bedd7000,0x00007f47beed8000)]
  0x00007f47d4001800 JavaThread "RMI TCP Connection(1)-127.0.0.1" daemon [_thread_blocked, id=7579, stack(0x00007f47bf0d8000,0x00007f47bf1d9000)]
  0x00007f47e8001000 JavaThread "Attach Listener" daemon [_thread_blocked, id=7577, stack(0x00007f47bf1d9000,0x00007f47bf2da000)]
  0x00007f47c00cb800 JavaThread "spring.cloud.inetutils" daemon [_thread_in_native, id=7568, stack(0x00007f47bfcff000,0x00007f47bfe00000)]
  0x00007f47cc003800 JavaThread "restartedMain" [_thread_blocked, id=7564, stack(0x00007f4804130000,0x00007f4804231000)]
  0x00007f48390b4000 JavaThread "Thread-1" [_thread_blocked, id=7563, stack(0x00007f4804231000,0x00007f4804332000)]
  0x00007f483890f000 JavaThread "RMI TCP Accept-0" daemon [_thread_in_native, id=7559, stack(0x00007f48046c9000,0x00007f48047ca000)]
  0x00007f483882e000 JavaThread "Service Thread" daemon [_thread_blocked, id=7558, stack(0x00007f4804be6000,0x00007f4804ce7000)]
  0x00007f4838820800 JavaThread "C1 CompilerThread3" daemon [_thread_blocked, id=7557, stack(0x00007f4807f00000,0x00007f4808000000)]
  0x00007f483881e800 JavaThread "C2 CompilerThread2" daemon [_thread_blocked, id=7556, stack(0x00007f481402e000,0x00007f481412e000)]
  0x00007f483881c800 JavaThread "C2 CompilerThread1" daemon [_thread_blocked, id=7555, stack(0x00007f481412f000,0x00007f481422f000)]
  0x00007f483881a800 JavaThread "C2 CompilerThread0" daemon [_thread_blocked, id=7554, stack(0x00007f4814230000,0x00007f4814330000)]
  0x00007f4838818000 JavaThread "Monitor Ctrl-Break" daemon [_thread_in_native, id=7553, stack(0x00007f4824066000,0x00007f4824167000)]
  0x00007f4838211000 JavaThread "Signal Dispatcher" daemon [_thread_blocked, id=7552, stack(0x00007f4824530000,0x00007f4824631000)]
  0x00007f48381e0000 JavaThread "Finalizer" daemon [_thread_blocked, id=7544, stack(0x00007f4825000000,0x00007f4825101000)]
  0x00007f48381db800 JavaThread "Reference Handler" daemon [_thread_blocked, id=7542, stack(0x00007f4825101000,0x00007f4825202000)]
  0x00007f4838014800 JavaThread "main" [_thread_blocked, id=7521, stack(0x00007f483eff0000,0x00007f483f0f0000)]

Other Threads:
=>0x00007f48381d2000 VMThread [stack: 0x00007f4825203000,0x00007f4825303000] [id=7539]
  0x00007f4838925000 WatcherThread [stack: 0x00007f48045c9000,0x00007f48046c9000] [id=7560]

VM state:at safepoint (normal execution)

VM Mutex/Monitor currently owned by a thread:  ([mutex/lock_event])
[0x00007f4838008bd0] Threads_lock - owner thread: 0x00007f48381d2000
[0x00007f48380090d0] Heap_lock - owner thread: 0x00007f47cc003800

heap address: 0x0000000086600000, size: 1946 MB, Compressed Oops mode: 32-bit
Narrow klass base: 0x0000000000000000, Narrow klass shift: 3
Compressed class space size: 1073741824 Address: 0x0000000100000000

Heap:
 PSYoungGen      total 221184K, used 12768K [0x00000000d7780000, 0x00000000e5c00000, 0x0000000100000000)
  eden space 208384K, 0% used [0x00000000d7780000,0x00000000d7780000,0x00000000e4300000)
  from space 12800K, 99% used [0x00000000e4300000,0x00000000e4f78328,0x00000000e4f80000)
  to   space 11264K, 0% used [0x00000000e5100000,0x00000000e5100000,0x00000000e5c00000)
 ParOldGen       total 58368K, used 17029K [0x0000000086600000, 0x0000000089f00000, 0x00000000d7780000)
  object space 58368K, 29% used [0x0000000086600000,0x00000000876a1628,0x0000000089f00000)
 Metaspace       used 32956K, capacity 34396K, committed 34432K, reserved 1079296K
  class space    used 4403K, capacity 4720K, committed 4736K, reserved 1048576K

Card table byte_map: [0x00007f4828656000,0x00007f4828a24000] byte_map_base: 0x00007f4828223000

Marking Bits: (ParMarkBitMap*) 0x00007f483e49cde0
 Begin Bits: [0x00007f4814330000, 0x00007f4816198000)
 End Bits:   [0x00007f4816198000, 0x00007f4818000000)

Polling page: 0x00007f483f10c000

CodeCache: size=245760Kb used=7626Kb max_used=7626Kb free=238133Kb
 bounds [0x00007f4828de4000, 0x00007f4829564000, 0x00007f4837de4000]
 total_blobs=4111 nmethods=3683 adapters=341
 compilation: enabled

Compilation events (10 events):
Event: 4,720 Thread 0x00007f4838820800 3679   !   1       org.springframework.context.annotation.CommonAnnotationBeanPostProcessor::findResourceMetadata (124 bytes)
Event: 4,723 Thread 0x00007f4838820800 nmethod 3679 0x00007f4829554f50 code [0x00007f4829555120, 0x00007f4829555678]
Event: 4,728 Thread 0x00007f4838820800 3680       1       java.lang.Class::copyFields (36 bytes)
Event: 4,732 Thread 0x00007f4838820800 nmethod 3680 0x00007f4829555b10 code [0x00007f4829555ca0, 0x00007f4829556098]
Event: 4,732 Thread 0x00007f4838820800 3681       1       org.springframework.context.annotation.CommonAnnotationBeanPostProcessor::postProcessBeforeInstantiation (2 bytes)
Event: 4,732 Thread 0x00007f4838820800 nmethod 3681 0x00007f4829556390 code [0x00007f48295564e0, 0x00007f48295565f0]
Event: 5,665 Thread 0x00007f4838820800 3682       1       java.security.PermissionCollection::<init> (5 bytes)
Event: 5,774 Thread 0x00007f4838820800 nmethod 3682 0x00007f4829556650 code [0x00007f48295567a0, 0x00007f48295568b0]
Event: 5,808 Thread 0x00007f4838820800 3683       1       com.fasterxml.jackson.databind.DeserializationFeature::enabledByDefault (5 bytes)
Event: 5,866 Thread 0x00007f4838820800 nmethod 3683 0x00007f4829556910 code [0x00007f4829556a60, 0x00007f4829556b70]

GC Heap History (10 events):
Event: 1,036 GC heap after
Heap after GC invocations=3 (full 0):
 PSYoungGen      total 67584K, used 5114K [0x00000000d7780000, 0x00000000dfb80000, 0x0000000100000000)
  eden space 62464K, 0% used [0x00000000d7780000,0x00000000d7780000,0x00000000db480000)
  from space 5120K, 99% used [0x00000000db480000,0x00000000db97ea08,0x00000000db980000)
  to   space 5120K, 0% used [0x00000000df680000,0x00000000df680000,0x00000000dfb80000)
 ParOldGen       total 83456K, used 5185K [0x0000000086600000, 0x000000008b780000, 0x00000000d7780000)
  object space 83456K, 6% used [0x0000000086600000,0x0000000086b10628,0x000000008b780000)
 Metaspace       used 16276K, capacity 16718K, committed 16896K, reserved 1064960K
  class space    used 2098K, capacity 2232K, committed 2304K, reserved 1048576K
}
Event: 1,915 GC heap before
{Heap before GC invocations=4 (full 0):
 PSYoungGen      total 67584K, used 47305K [0x00000000d7780000, 0x00000000dfb80000, 0x0000000100000000)
  eden space 62464K, 67% used [0x00000000d7780000,0x00000000da0b3bd0,0x00000000db480000)
  from space 5120K, 99% used [0x00000000db480000,0x00000000db97ea08,0x00000000db980000)
  to   space 5120K, 0% used [0x00000000df680000,0x00000000df680000,0x00000000dfb80000)
 ParOldGen       total 83456K, used 5185K [0x0000000086600000, 0x000000008b780000, 0x00000000d7780000)
  object space 83456K, 6% used [0x0000000086600000,0x0000000086b10628,0x000000008b780000)
 Metaspace       used 20573K, capacity 21242K, committed 21296K, reserved 1067008K
  class space    used 2734K, capacity 2920K, committed 2944K, reserved 1048576K
Event: 1,920 GC heap after
Heap after GC invocations=4 (full 0):
 PSYoungGen      total 130048K, used 5118K [0x00000000d7780000, 0x00000000dfb80000, 0x0000000100000000)
  eden space 124928K, 0% used [0x00000000d7780000,0x00000000d7780000,0x00000000df180000)
  from space 5120K, 99% used [0x00000000df680000,0x00000000dfb7faa0,0x00000000dfb80000)
  to   space 5120K, 0% used [0x00000000df180000,0x00000000df180000,0x00000000df680000)
 ParOldGen       total 83456K, used 11367K [0x0000000086600000, 0x000000008b780000, 0x00000000d7780000)
  object space 83456K, 13% used [0x0000000086600000,0x0000000087119ee8,0x000000008b780000)
 Metaspace       used 20573K, capacity 21242K, committed 21296K, reserved 1067008K
  class space    used 2734K, capacity 2920K, committed 2944K, reserved 1048576K
}
Event: 1,920 GC heap before
{Heap before GC invocations=5 (full 1):
 PSYoungGen      total 130048K, used 5118K [0x00000000d7780000, 0x00000000dfb80000, 0x0000000100000000)
  eden space 124928K, 0% used [0x00000000d7780000,0x00000000d7780000,0x00000000df180000)
  from space 5120K, 99% used [0x00000000df680000,0x00000000dfb7faa0,0x00000000dfb80000)
  to   space 5120K, 0% used [0x00000000df180000,0x00000000df180000,0x00000000df680000)
 ParOldGen       total 83456K, used 11367K [0x0000000086600000, 0x000000008b780000, 0x00000000d7780000)
  object space 83456K, 13% used [0x0000000086600000,0x0000000087119ee8,0x000000008b780000)
 Metaspace       used 20573K, capacity 21242K, committed 21296K, reserved 1067008K
  class space    used 2734K, capacity 2920K, committed 2944K, reserved 1048576K
Event: 1,939 GC heap after
Heap after GC invocations=5 (full 1):
 PSYoungGen      total 130048K, used 0K [0x00000000d7780000, 0x00000000dfb80000, 0x0000000100000000)
  eden space 124928K, 0% used [0x00000000d7780000,0x00000000d7780000,0x00000000df180000)
  from space 5120K, 0% used [0x00000000df680000,0x00000000df680000,0x00000000dfb80000)
  to   space 5120K, 0% used [0x00000000df180000,0x00000000df180000,0x00000000df680000)
 ParOldGen       total 58368K, used 10898K [0x0000000086600000, 0x0000000089f00000, 0x00000000d7780000)
  object space 58368K, 18% used [0x0000000086600000,0x00000000870a4b38,0x0000000089f00000)
 Metaspace       used 20573K, capacity 21242K, committed 21296K, reserved 1067008K
  class space    used 2734K, capacity 2920K, committed 2944K, reserved 1048576K
}
Event: 3,448 GC heap before
{Heap before GC invocations=6 (full 1):
 PSYoungGen      total 130048K, used 124928K [0x00000000d7780000, 0x00000000dfb80000, 0x0000000100000000)
  eden space 124928K, 100% used [0x00000000d7780000,0x00000000df180000,0x00000000df180000)
  from space 5120K, 0% used [0x00000000df680000,0x00000000df680000,0x00000000dfb80000)
  to   space 5120K, 0% used [0x00000000df180000,0x00000000df180000,0x00000000df680000)
 ParOldGen       total 58368K, used 10898K [0x0000000086600000, 0x0000000089f00000, 0x00000000d7780000)
  object space 58368K, 18% used [0x0000000086600000,0x00000000870a4b38,0x0000000089f00000)
 Metaspace       used 24781K, capacity 25676K, committed 25856K, reserved 1071104K
  class space    used 3331K, capacity 3544K, committed 3584K, reserved 1048576K
Event: 3,453 GC heap after
Heap after GC invocations=6 (full 1):
 PSYoungGen      total 130048K, used 5098K [0x00000000d7780000, 0x00000000e5d00000, 0x0000000100000000)
  eden space 124928K, 0% used [0x00000000d7780000,0x00000000d7780000,0x00000000df180000)
  from space 5120K, 99% used [0x00000000df180000,0x00000000df67a9f0,0x00000000df680000)
  to   space 12288K, 0% used [0x00000000e5100000,0x00000000e5100000,0x00000000e5d00000)
 ParOldGen       total 58368K, used 12485K [0x0000000086600000, 0x0000000089f00000, 0x00000000d7780000)
  object space 58368K, 21% used [0x0000000086600000,0x0000000087231518,0x0000000089f00000)
 Metaspace       used 24781K, capacity 25676K, committed 25856K, reserved 1071104K
  class space    used 3331K, capacity 3544K, committed 3584K, reserved 1048576K
}
Event: 3,853 GC heap before
{Heap before GC invocations=7 (full 1):
 PSYoungGen      total 130048K, used 130026K [0x00000000d7780000, 0x00000000e5d00000, 0x0000000100000000)
  eden space 124928K, 100% used [0x00000000d7780000,0x00000000df180000,0x00000000df180000)
  from space 5120K, 99% used [0x00000000df180000,0x00000000df67a9f0,0x00000000df680000)
  to   space 12288K, 0% used [0x00000000e5100000,0x00000000e5100000,0x00000000e5d00000)
 ParOldGen       total 58368K, used 12485K [0x0000000086600000, 0x0000000089f00000, 0x00000000d7780000)
  object space 58368K, 21% used [0x0000000086600000,0x0000000087231518,0x0000000089f00000)
 Metaspace       used 27669K, capacity 28644K, committed 28800K, reserved 1075200K
  class space    used 3739K, capacity 3955K, committed 3968K, reserved 1048576K
Event: 3,859 GC heap after
Heap after GC invocations=7 (full 1):
 PSYoungGen      total 219648K, used 9106K [0x00000000d7780000, 0x00000000e5c00000, 0x0000000100000000)
  eden space 208384K, 0% used [0x00000000d7780000,0x00000000d7780000,0x00000000e4300000)
  from space 11264K, 80% used [0x00000000e5100000,0x00000000e59e4a70,0x00000000e5c00000)
  to   space 12800K, 0% used [0x00000000e4300000,0x00000000e4300000,0x00000000e4f80000)
 ParOldGen       total 58368K, used 12493K [0x0000000086600000, 0x0000000089f00000, 0x00000000d7780000)
  object space 58368K, 21% used [0x0000000086600000,0x0000000087233518,0x0000000089f00000)
 Metaspace       used 27669K, capacity 28644K, committed 28800K, reserved 1075200K
  class space    used 3739K, capacity 3955K, committed 3968K, reserved 1048576K
}
Event: 5,878 GC heap before
{Heap before GC invocations=8 (full 1):
 PSYoungGen      total 219648K, used 217490K [0x00000000d7780000, 0x00000000e5c00000, 0x0000000100000000)
  eden space 208384K, 100% used [0x00000000d7780000,0x00000000e4300000,0x00000000e4300000)
  from space 11264K, 80% used [0x00000000e5100000,0x00000000e59e4a70,0x00000000e5c00000)
  to   space 12800K, 0% used [0x00000000e4300000,0x00000000e4300000,0x00000000e4f80000)
 ParOldGen       total 58368K, used 12493K [0x0000000086600000, 0x0000000089f00000, 0x00000000d7780000)
  object space 58368K, 21% used [0x0000000086600000,0x0000000087233518,0x0000000089f00000)
 Metaspace       used 32956K, capacity 34396K, committed 34432K, reserved 1079296K
  class space    used 4403K, capacity 4720K, committed 4736K, reserved 1048576K

Deoptimization events (0 events):
No events

Classes redefined (0 events):
No events

Internal exceptions (10 events):
Event: 4,718 Thread 0x00007f47cc003800 Exception <a 'java/lang/ClassNotFoundException': org/springframework/boot/web/servlet/error/ErrorAttributesCustomizer> (0x00000000e3f1c418) thrown at [/HUDSON/workspace/8-2-build-linux-amd64/jdk8u231/13620/hotspot/src/share/vm/classfile/systemDictionary.c
Event: 4,718 Thread 0x00007f47cc003800 Exception <a 'java/lang/ArrayIndexOutOfBoundsException'> (0x00000000e3f1ddd0) thrown at [/HUDSON/workspace/8-2-build-linux-amd64/jdk8u231/13620/hotspot/src/share/vm/runtime/sharedRuntime.cpp, line 605]
Event: 4,718 Thread 0x00007f47cc003800 Exception <a 'java/lang/ClassNotFoundException': org/springframework/web/servlet/HandlerExceptionResolverCustomizer> (0x00000000e3f47a68) thrown at [/HUDSON/workspace/8-2-build-linux-amd64/jdk8u231/13620/hotspot/src/share/vm/classfile/systemDictionary.cpp
Event: 4,718 Thread 0x00007f47cc003800 Exception <a 'java/lang/ClassNotFoundException': org/springframework/core/OrderedCustomizer> (0x00000000e3f664c8) thrown at [/HUDSON/workspace/8-2-build-linux-amd64/jdk8u231/13620/hotspot/src/share/vm/classfile/systemDictionary.cpp, line 210]
Event: 4,729 Thread 0x00007f47cc003800 Exception <a 'java/lang/ClassNotFoundException': java/lang/ObjectCustomizer> (0x00000000e3fb5918) thrown at [/HUDSON/workspace/8-2-build-linux-amd64/jdk8u231/13620/hotspot/src/share/vm/classfile/systemDictionary.cpp, line 210]
Event: 4,729 Thread 0x00007f47cc003800 Exception <a 'java/lang/ClassNotFoundException': org/springframework/boot/autoconfigure/web/servlet/error/AbstractErrorControllerCustomizer> (0x00000000e3fecb80) thrown at [/HUDSON/workspace/8-2-build-linux-amd64/jdk8u231/13620/hotspot/src/share/vm/classf
Event: 4,729 Thread 0x00007f47cc003800 Exception <a 'java/lang/ClassNotFoundException': org/springframework/boot/autoconfigure/web/servlet/error/BasicErrorControllerCustomizer> (0x00000000e4020d70) thrown at [/HUDSON/workspace/8-2-build-linux-amd64/jdk8u231/13620/hotspot/src/share/vm/classfile
Event: 4,730 Thread 0x00007f47cc003800 Exception <a 'java/lang/ArrayIndexOutOfBoundsException'> (0x00000000e4024598) thrown at [/HUDSON/workspace/8-2-build-linux-amd64/jdk8u231/13620/hotspot/src/share/vm/runtime/sharedRuntime.cpp, line 605]
Event: 4,730 Thread 0x00007f47cc003800 Exception <a 'java/lang/ArrayIndexOutOfBoundsException'> (0x00000000e4025b90) thrown at [/HUDSON/workspace/8-2-build-linux-amd64/jdk8u231/13620/hotspot/src/share/vm/runtime/sharedRuntime.cpp, line 605]
Event: 4,730 Thread 0x00007f47cc003800 Exception <a 'java/lang/ClassNotFoundException': org/springframework/boot/web/servlet/error/ErrorControllerCustomizer> (0x00000000e4053688) thrown at [/HUDSON/workspace/8-2-build-linux-amd64/jdk8u231/13620/hotspot/src/share/vm/classfile/systemDictionary.c

Events (10 events):
Event: 5,796 loading class org/springframework/web/bind/support/SessionAttributeStore done
Event: 5,810 loading class com/fasterxml/jackson/datatype/joda/JodaModule
Event: 5,810 loading class com/fasterxml/jackson/datatype/joda/JodaModule done
Event: 5,812 loading class com/fasterxml/jackson/datatype/joda$JodaModule
Event: 5,812 loading class com/fasterxml/jackson/datatype/joda$JodaModule done
Event: 5,823 loading class org/springframework/web/accept/ContentNegotiationManagerFactoryBean
Event: 5,823 loading class org/springframework/web/accept/ContentNegotiationManagerFactoryBean done
Event: 5,861 loading class org/springframework/web/accept/PathExtensionContentNegotiationStrategy
Event: 5,861 loading class org/springframework/web/accept/PathExtensionContentNegotiationStrategy done
Event: 5,872 Executing VM operation: ParallelGCFailedAllocation


Dynamic libraries:
00400000-00401000 r-xp 00000000 103:06 545646                            /home/nanoo/dev/env/java/jdk1.8.0_231/bin/java
00600000-00601000 r--p 00000000 103:06 545646                            /home/nanoo/dev/env/java/jdk1.8.0_231/bin/java
00601000-00602000 rw-p 00001000 103:06 545646                            /home/nanoo/dev/env/java/jdk1.8.0_231/bin/java
007ac000-007cd000 rw-p 00000000 00:00 0                                  [heap]
86600000-89f00000 rw-p 00000000 00:00 0 
89f00000-d7780000 ---p 00000000 00:00 0 
d7780000-e5c00000 rw-p 00000000 00:00 0 
ef980000-100000000 ---p 00000000 00:00 0 
100000000-1004a0000 rw-p 00000000 00:00 0 
1004a0000-140000000 ---p 00000000 00:00 0 
7f4798000000-7f4798021000 rw-p 00000000 00:00 0 
7f4798021000-7f479c000000 ---p 00000000 00:00 0 
7f479c000000-7f479c021000 rw-p 00000000 00:00 0 
7f479c021000-7f47a0000000 ---p 00000000 00:00 0 
7f47a0000000-7f47a004b000 rw-p 00000000 00:00 0 
7f47a004b000-7f47a4000000 ---p 00000000 00:00 0 
7f47a4000000-7f47a4021000 rw-p 00000000 00:00 0 
7f47a4021000-7f47a8000000 ---p 00000000 00:00 0 
7f47a8000000-7f47a8021000 rw-p 00000000 00:00 0 
7f47a8021000-7f47ac000000 ---p 00000000 00:00 0 
7f47ac000000-7f47ac03d000 rw-p 00000000 00:00 0 
7f47ac03d000-7f47b0000000 ---p 00000000 00:00 0 
7f47b0000000-7f47b0021000 rw-p 00000000 00:00 0 
7f47b0021000-7f47b4000000 ---p 00000000 00:00 0 
7f47b4000000-7f47b4021000 rw-p 00000000 00:00 0 
7f47b4021000-7f47b8000000 ---p 00000000 00:00 0 
7f47b8000000-7f47b8021000 rw-p 00000000 00:00 0 
7f47b8021000-7f47bc000000 ---p 00000000 00:00 0 
7f47bdcd2000-7f47bdcd5000 ---p 00000000 00:00 0 
7f47bdcd5000-7f47bded3000 rw-p 00000000 00:00 0 
7f47bded3000-7f47bdfd3000 ---p 00000000 00:00 0 
7f47bdfd3000-7f47bdfd6000 ---p 00000000 00:00 0 
7f47bdfd6000-7f47be0d4000 rw-p 00000000 00:00 0 
7f47be0d4000-7f47be0d7000 ---p 00000000 00:00 0 
7f47be0d7000-7f47be1d5000 rw-p 00000000 00:00 0 
7f47be1d5000-7f47be1d8000 ---p 00000000 00:00 0 
7f47be1d8000-7f47be4d6000 rw-p 00000000 00:00 0 
7f47be4d6000-7f47be6d6000 rw-p 00000000 00:00 0 
7f47be6d6000-7f47be8d6000 rw-p 00000000 00:00 0 
7f47be8d6000-7f47bead6000 rw-p 00000000 00:00 0 
7f47bead6000-7f47becd6000 rw-p 00000000 00:00 0 
7f47becd6000-7f47becd9000 ---p 00000000 00:00 0 
7f47becd9000-7f47bedd7000 rw-p 00000000 00:00 0 
7f47bedd7000-7f47bedda000 ---p 00000000 00:00 0 
7f47bedda000-7f47bf0d8000 rw-p 00000000 00:00 0 
7f47bf0d8000-7f47bf0db000 ---p 00000000 00:00 0 
7f47bf0db000-7f47bf1d9000 rw-p 00000000 00:00 0 
7f47bf1d9000-7f47bf1dc000 ---p 00000000 00:00 0 
7f47bf1dc000-7f47bf4da000 rw-p 00000000 00:00 0 
7f47bf4da000-7f47bf6da000 rw-p 00000000 00:00 0 
7f47bf6da000-7f47bf6f1000 r-xp 00000000 103:06 1311731                   /lib/x86_64-linux-gnu/libresolv-2.27.so
7f47bf6f1000-7f47bf8f1000 ---p 00017000 103:06 1311731                   /lib/x86_64-linux-gnu/libresolv-2.27.so
7f47bf8f1000-7f47bf8f2000 r--p 00017000 103:06 1311731                   /lib/x86_64-linux-gnu/libresolv-2.27.so
7f47bf8f2000-7f47bf8f3000 rw-p 00018000 103:06 1311731                   /lib/x86_64-linux-gnu/libresolv-2.27.so
7f47bf8f3000-7f47bf8f5000 rw-p 00000000 00:00 0 
7f47bf8f5000-7f47bf8fa000 r-xp 00000000 103:06 1311680                   /lib/x86_64-linux-gnu/libnss_dns-2.27.so
7f47bf8fa000-7f47bfafa000 ---p 00005000 103:06 1311680                   /lib/x86_64-linux-gnu/libnss_dns-2.27.so
7f47bfafa000-7f47bfafb000 r--p 00005000 103:06 1311680                   /lib/x86_64-linux-gnu/libnss_dns-2.27.so
7f47bfafb000-7f47bfafc000 rw-p 00006000 103:06 1311680                   /lib/x86_64-linux-gnu/libnss_dns-2.27.so
7f47bfafc000-7f47bfafe000 r-xp 00000000 103:06 1311688                   /lib/x86_64-linux-gnu/libnss_mdns4_minimal.so.2
7f47bfafe000-7f47bfcfd000 ---p 00002000 103:06 1311688                   /lib/x86_64-linux-gnu/libnss_mdns4_minimal.so.2
7f47bfcfd000-7f47bfcfe000 r--p 00001000 103:06 1311688                   /lib/x86_64-linux-gnu/libnss_mdns4_minimal.so.2
7f47bfcfe000-7f47bfcff000 rw-p 00002000 103:06 1311688                   /lib/x86_64-linux-gnu/libnss_mdns4_minimal.so.2
7f47bfcff000-7f47bfd02000 ---p 00000000 00:00 0 
7f47bfd02000-7f47c0000000 rw-p 00000000 00:00 0 
7f47c0000000-7f47c0ba1000 rw-p 00000000 00:00 0 
7f47c0ba1000-7f47c4000000 ---p 00000000 00:00 0 
7f47c4000000-7f47c4355000 rw-p 00000000 00:00 0 
7f47c4355000-7f47c8000000 ---p 00000000 00:00 0 
7f47c8000000-7f47c8021000 rw-p 00000000 00:00 0 
7f47c8021000-7f47cc000000 ---p 00000000 00:00 0 
7f47cc000000-7f47cc021000 rw-p 00000000 00:00 0 
7f47cc021000-7f47d0000000 ---p 00000000 00:00 0 
7f47d0000000-7f47d0021000 rw-p 00000000 00:00 0 
7f47d0021000-7f47d4000000 ---p 00000000 00:00 0 
7f47d4000000-7f47d4021000 rw-p 00000000 00:00 0 
7f47d4021000-7f47d8000000 ---p 00000000 00:00 0 
7f47d8000000-7f47d8021000 rw-p 00000000 00:00 0 
7f47d8021000-7f47dc000000 ---p 00000000 00:00 0 
7f47dc000000-7f47dc791000 rw-p 00000000 00:00 0 
7f47dc791000-7f47e0000000 ---p 00000000 00:00 0 
7f47e0000000-7f47e00a6000 rw-p 00000000 00:00 0 
7f47e00a6000-7f47e4000000 ---p 00000000 00:00 0 
7f47e4000000-7f47e4021000 rw-p 00000000 00:00 0 
7f47e4021000-7f47e8000000 ---p 00000000 00:00 0 
7f47e8000000-7f47e8021000 rw-p 00000000 00:00 0 
7f47e8021000-7f47ec000000 ---p 00000000 00:00 0 
7f47ec000000-7f47ec021000 rw-p 00000000 00:00 0 
7f47ec021000-7f47f0000000 ---p 00000000 00:00 0 
7f47f0000000-7f47f0021000 rw-p 00000000 00:00 0 
7f47f0021000-7f47f4000000 ---p 00000000 00:00 0 
7f47f4000000-7f47f4021000 rw-p 00000000 00:00 0 
7f47f4021000-7f47f8000000 ---p 00000000 00:00 0 
7f47f8000000-7f47f8021000 rw-p 00000000 00:00 0 
7f47f8021000-7f47fc000000 ---p 00000000 00:00 0 
7f47fc000000-7f47fc29c000 rw-p 00000000 00:00 0 
7f47fc29c000-7f4800000000 ---p 00000000 00:00 0 
7f4800000000-7f4800021000 rw-p 00000000 00:00 0 
7f4800021000-7f4804000000 ---p 00000000 00:00 0 
7f480402f000-7f4804032000 ---p 00000000 00:00 0 
7f4804032000-7f4804130000 rw-p 00000000 00:00 0 
7f4804130000-7f4804133000 ---p 00000000 00:00 0 
7f4804133000-7f4804231000 rw-p 00000000 00:00 0 
7f4804231000-7f4804234000 ---p 00000000 00:00 0 
7f4804234000-7f4804332000 rw-p 00000000 00:00 0 
7f4804332000-7f48043c8000 r--s 0110d000 103:06 545834                    /home/nanoo/dev/env/java/jdk1.8.0_231/jre/lib/ext/jfxrt.jar
7f48043c8000-7f48045c8000 rw-p 00000000 00:00 0 
7f48045c8000-7f48045c9000 ---p 00000000 00:00 0 
7f48045c9000-7f48046c9000 rw-p 00000000 00:00 0 
7f48046c9000-7f48046cc000 ---p 00000000 00:00 0 
7f48046cc000-7f48047ca000 rw-p 00000000 00:00 0 
7f48047ca000-7f48047db000 r-xp 00000000 103:06 545936                    /home/nanoo/dev/env/java/jdk1.8.0_231/jre/lib/amd64/libnio.so
7f48047db000-7f48049da000 ---p 00011000 103:06 545936                    /home/nanoo/dev/env/java/jdk1.8.0_231/jre/lib/amd64/libnio.so
7f48049da000-7f48049db000 r--p 00010000 103:06 545936                    /home/nanoo/dev/env/java/jdk1.8.0_231/jre/lib/amd64/libnio.so
7f48049db000-7f48049dc000 rw-p 00011000 103:06 545936                    /home/nanoo/dev/env/java/jdk1.8.0_231/jre/lib/amd64/libnio.so
7f48049dc000-7f48049e5000 r-xp 00000000 103:06 545878                    /home/nanoo/dev/env/java/jdk1.8.0_231/jre/lib/amd64/libmanagement.so
7f48049e5000-7f4804be4000 ---p 00009000 103:06 545878                    /home/nanoo/dev/env/java/jdk1.8.0_231/jre/lib/amd64/libmanagement.so
7f4804be4000-7f4804be5000 r--p 00008000 103:06 545878                    /home/nanoo/dev/env/java/jdk1.8.0_231/jre/lib/amd64/libmanagement.so
7f4804be5000-7f4804be6000 rw-p 00009000 103:06 545878                    /home/nanoo/dev/env/java/jdk1.8.0_231/jre/lib/amd64/libmanagement.so
7f4804be6000-7f4804be9000 ---p 00000000 00:00 0 
7f4804be9000-7f4807ce8000 rw-p 00000000 00:00 0 
7f4807ce8000-7f4807cfe000 r-xp 00000000 103:06 545877                    /home/nanoo/dev/env/java/jdk1.8.0_231/jre/lib/amd64/libnet.so
7f4807cfe000-7f4807efd000 ---p 00016000 103:06 545877                    /home/nanoo/dev/env/java/jdk1.8.0_231/jre/lib/amd64/libnet.so
7f4807efd000-7f4807efe000 r--p 00015000 103:06 545877                    /home/nanoo/dev/env/java/jdk1.8.0_231/jre/lib/amd64/libnet.so
7f4807efe000-7f4807eff000 rw-p 00016000 103:06 545877                    /home/nanoo/dev/env/java/jdk1.8.0_231/jre/lib/amd64/libnet.so
7f4807eff000-7f4807f00000 ---p 00000000 00:00 0 
7f4807f00000-7f4807f03000 ---p 00000000 00:00 0 
7f4807f03000-7f4808000000 rw-p 00000000 00:00 0 
7f4808000000-7f4808021000 rw-p 00000000 00:00 0 
7f4808021000-7f480c000000 ---p 00000000 00:00 0 
7f480c000000-7f480c021000 rw-p 00000000 00:00 0 
7f480c021000-7f4810000000 ---p 00000000 00:00 0 
7f4810000000-7f4810021000 rw-p 00000000 00:00 0 
7f4810021000-7f4814000000 ---p 00000000 00:00 0 
7f481402d000-7f481402e000 ---p 00000000 00:00 0 
7f481402e000-7f4814031000 ---p 00000000 00:00 0 
7f4814031000-7f481412e000 rw-p 00000000 00:00 0 
7f481412e000-7f481412f000 ---p 00000000 00:00 0 
7f481412f000-7f4814132000 ---p 00000000 00:00 0 
7f4814132000-7f481422f000 rw-p 00000000 00:00 0 
7f481422f000-7f4814230000 ---p 00000000 00:00 0 
7f4814230000-7f4814233000 ---p 00000000 00:00 0 
7f4814233000-7f4818000000 rw-p 00000000 00:00 0 
7f4818000000-7f4818021000 rw-p 00000000 00:00 0 
7f4818021000-7f481c000000 ---p 00000000 00:00 0 
7f481c000000-7f481c021000 rw-p 00000000 00:00 0 
7f481c021000-7f4820000000 ---p 00000000 00:00 0 
7f4820000000-7f4820021000 rw-p 00000000 00:00 0 
7f4820021000-7f4824000000 ---p 00000000 00:00 0 
7f4824007000-7f482400a000 r--s 0001a000 103:06 545760                    /home/nanoo/dev/env/java/jdk1.8.0_231/jre/lib/jce.jar
7f482400a000-7f482400f000 r--s 002f9000 103:06 545702                    /home/nanoo/dev/env/java/jdk1.8.0_231/jre/lib/charsets.jar
7f482400f000-7f4824019000 r--s 00116000 103:06 545827                    /home/nanoo/dev/env/java/jdk1.8.0_231/jre/lib/ext/localedata.jar
7f4824019000-7f4824035000 r--s 00393000 103:06 545835                    /home/nanoo/dev/env/java/jdk1.8.0_231/jre/lib/ext/cldrdata.jar
7f4824035000-7f482403c000 r--s 00000000 103:06 131486                    /usr/lib/x86_64-linux-gnu/gconv/gconv-modules.cache
7f482403c000-7f4824062000 r--p 00000000 103:06 141475                    /usr/share/locale-langpack/fr/LC_MESSAGES/libc.mo
7f4824062000-7f4824066000 r--s 000a4000 103:06 545841                    /home/nanoo/dev/env/java/jdk1.8.0_231/jre/lib/jsse.jar
7f4824066000-7f4824069000 ---p 00000000 00:00 0 
7f4824069000-7f4824167000 rw-p 00000000 00:00 0 
7f4824167000-7f4824169000 r--s 0001b000 103:06 807519                    /home/nanoo/.local/share/JetBrains/Toolbox/apps/IDEA-U/ch-0/192.7142.36/lib/idea_rt.jar
7f4824169000-7f482416a000 r--s 00003000 103:06 532728                    /home/nanoo/dev/env/maven/repository/org/springframework/spring-jcl/5.0.4.RELEASE/spring-jcl-5.0.4.RELEASE.jar
7f482416a000-7f4824181000 r--s 00112000 103:06 554905                    /home/nanoo/dev/env/maven/repository/org/springframework/spring-core/5.0.4.RELEASE/spring-core-5.0.4.RELEASE.jar
7f4824181000-7f4824183000 r--s 0006b000 103:06 568654                    /home/nanoo/dev/env/maven/repository/org/webjars/popper.js/1.14.3/popper.js-1.14.3.jar
7f4824183000-7f4824184000 r--s 00026000 103:06 569758                    /home/nanoo/dev/env/maven/repository/org/webjars/jquery/2.1.1/jquery-2.1.1.jar
7f4824184000-7f482418c000 r--s 0011e000 103:06 568652                    /home/nanoo/dev/env/maven/repository/org/webjars/bootstrap/4.3.1/bootstrap-4.3.1.jar
7f482418c000-7f48241a1000 r--s 00161000 103:06 537984                    /home/nanoo/dev/env/maven/repository/org/projectlombok/lombok/1.16.20/lombok-1.16.20.jar
7f48241a1000-7f48241c1000 r--s 000f8000 103:06 1706248                   /home/nanoo/dev/env/maven/repository/org/springframework/boot/spring-boot-autoconfigure/2.0.0.RELEASE/spring-boot-autoconfigure-2.0.0.RELEASE.jar
7f48241c1000-7f48241d6000 r--s 000cd000 103:06 1706262                   /home/nanoo/dev/env/maven/repository/org/springframework/boot/spring-boot/2.0.0.RELEASE/spring-boot-2.0.0.RELEASE.jar
7f48241d6000-7f48241dc000 r--s 0002d000 103:06 1718314                   /home/nanoo/dev/env/maven/repository/org/springframework/boot/spring-boot-devtools/2.0.0.RELEASE/spring-boot-devtools-2.0.0.RELEASE.jar
7f48241dc000-7f48241de000 r--s 00005000 103:06 533170                    /home/nanoo/dev/env/maven/repository/xpp3/xpp3_min/1.1.4c/xpp3_min-1.1.4c.jar
7f48241de000-7f48241df000 r--s 00001000 103:06 533167                    /home/nanoo/dev/env/maven/repository/xmlpull/xmlpull/1.1.3.1/xmlpull-1.1.3.1.jar
7f48241df000-7f48241ed000 r--s 00079000 103:06 1318213                   /home/nanoo/dev/env/maven/repository/com/thoughtworks/xstream/xstream/1.4.9/xstream-1.4.9.jar
7f48241ed000-7f48241ef000 r--s 00003000 103:06 803930                    /home/nanoo/dev/env/maven/repository/com/netflix/ribbon/ribbon-eureka/2.2.4/ribbon-eureka-2.2.4.jar
7f48241ef000-7f48241f3000 r--s 00024000 103:06 682242                    /home/nanoo/dev/env/maven/repository/org/codehaus/woodstox/stax2-api/3.1.4/stax2-api-3.1.4.jar
7f48241f3000-7f48241f5000 r--s 00004000 103:06 1045874                   /home/nanoo/dev/env/maven/repository/javax/xml/stream/stax-api/1.0-2/stax-api-1.0-2.jar
7f48241f5000-7f48241fb000 r--s 00071000 103:06 682240                    /home/nanoo/dev/env/maven/repository/org/codehaus/woodstox/woodstox-core-asl/4.4.1/woodstox-core-asl-4.4.1.jar
7f48241fb000-7f4824200000 r--s 00039000 103:06 803512                    /home/nanoo/dev/env/maven/repository/com/netflix/eureka/eureka-core/1.8.6/eureka-core-1.8.6.jar
7f4824200000-7f4824205000 r--s 00024000 103:06 1308599                   /home/nanoo/dev/env/maven/repository/com/github/andrewoma/dexx/dexx-collections/0.2/dexx-collections-0.2.jar
7f4824205000-7f4824206000 r--s 00004000 103:06 1308597                   /home/nanoo/dev/env/maven/repository/com/github/vlsi/compactmap/compactmap/1.2.1/compactmap-1.2.1.jar
7f4824206000-7f4824208000 r--s 00000000 103:06 540347                    /home/nanoo/dev/env/maven/repository/aopalliance/aopalliance/1.0/aopalliance-1.0.jar
7f4824208000-7f4824216000 r--s 00097000 103:06 800801                    /home/nanoo/dev/env/maven/repository/com/google/inject/guice/4.1.0/guice-4.1.0.jar
7f4824216000-7f4824218000 r--s 00003000 103:06 923235                    /home/nanoo/dev/env/maven/repository/com/sun/jersey/contribs/jersey-apache-client4/1.19.1/jersey-apache-client4-1.19.1.jar
7f4824218000-7f482421b000 r--s 0001e000 103:06 923237                    /home/nanoo/dev/env/maven/repository/com/sun/jersey/jersey-client/1.19.1/jersey-client-1.19.1.jar
7f482421b000-7f4824225000 r--s 00061000 103:06 923233                    /home/nanoo/dev/env/maven/repository/com/sun/jersey/jersey-core/1.19.1/jersey-core-1.19.1.jar
7f4824225000-7f4824229000 r--s 00027000 103:06 800502                    /home/nanoo/dev/env/maven/repository/com/netflix/servo/servo-internal/0.10.1/servo-internal-0.10.1.jar
7f4824229000-7f482422e000 r--s 00032000 103:06 800487                    /home/nanoo/dev/env/maven/repository/com/netflix/servo/servo-core/0.10.1/servo-core-0.10.1.jar
7f482422e000-7f4824230000 r--s 0000a000 103:06 1176503                   /home/nanoo/dev/env/maven/repository/javax/ws/rs/jsr311-api/1.1.1/jsr311-api-1.1.1.jar
7f4824230000-7f4824243000 r--s 000df000 103:06 800826                    /home/nanoo/dev/env/maven/repository/org/apache/commons/commons-math/2.2/commons-math-2.2.jar
7f4824243000-7f4824248000 r--s 00034000 103:06 803510                    /home/nanoo/dev/env/maven/repository/com/google/code/gson/gson/2.8.2/gson-2.8.2.jar
7f4824248000-7f482424d000 r--s 00068000 103:06 925937                    /home/nanoo/dev/env/maven/repository/antlr/antlr/2.7.7/antlr-2.7.7.jar
7f482424d000-7f4824250000 r--s 00022000 103:06 923286                    /home/nanoo/dev/env/maven/repository/org/antlr/stringtemplate/3.2.1/stringtemplate-3.2.1.jar
7f4824250000-7f4824254000 r--s 00025000 103:06 923284                    /home/nanoo/dev/env/maven/repository/org/antlr/antlr-runtime/3.4/antlr-runtime-3.4.jar
7f4824254000-7f4824265000 r--s 0008a000 103:06 570812                    /home/nanoo/dev/env/maven/repository/joda-time/joda-time/2.9.9/joda-time-2.9.9.jar
7f4824265000-7f482426b000 r--s 00044000 103:06 570505                    /home/nanoo/dev/env/maven/repository/commons-jxpath/commons-jxpath/1.3/commons-jxpath-1.3.jar
7f482426b000-7f482426e000 r--s 00016000 103:06 800796                    /home/nanoo/dev/env/maven/repository/com/netflix/netflix-commons/netflix-infix/0.3.0/netflix-infix-0.3.0.jar
7f482426e000-7f4824270000 r--s 0000f000 103:06 800791                    /home/nanoo/dev/env/maven/repository/com/netflix/netflix-commons/netflix-eventbus/0.3.0/netflix-eventbus-0.3.0.jar
7f4824270000-7f4824272000 r--s 00005000 103:06 570503                    /home/nanoo/dev/env/maven/repository/stax/stax-api/1.0.1/stax-api-1.0.1.jar
7f4824272000-7f4824275000 r--s 00012000 103:06 682214                    /home/nanoo/dev/env/maven/repository/org/codehaus/jettison/jettison/1.3.7/jettison-1.3.7.jar
7f4824275000-7f482427f000 r--s 00061000 103:06 803933                    /home/nanoo/dev/env/maven/repository/com/netflix/eureka/eureka-client/1.8.6/eureka-client-1.8.6.jar
7f482427f000-7f4824283000 r--s 00014000 103:06 570815                    /home/nanoo/dev/env/maven/repository/org/springframework/cloud/spring-cloud-netflix-eureka-client/2.0.0.M7/spring-cloud-netflix-eureka-client-2.0.0.M7.jar
7f4824283000-7f4824285000 r--s 00005000 103:06 570813                    /home/nanoo/dev/env/maven/repository/org/springframework/cloud/spring-cloud-netflix-core/2.0.0.M7/spring-cloud-netflix-core-2.0.0.M7.jar
7f4824285000-7f4824286000 r--s 00000000 103:06 567293                    /home/nanoo/dev/env/maven/repository/org/springframework/cloud/spring-cloud-starter-netflix-eureka-client/2.0.0.M7/spring-cloud-starter-netflix-eureka-client-2.0.0.M7.jar
7f4824286000-7f48242b1000 r--s 001fc000 103:06 817363                    /home/nanoo/dev/env/maven/repository/com/google/guava/guava/18.0/guava-18.0.jar
7f48242b1000-7f48242b5000 r--s 0004b000 103:06 1176483                   /home/nanoo/dev/env/maven/repository/com/fasterxml/jackson/core/jackson-core/2.9.3/jackson-core-2.9.3.jar
7f48242b5000-7f48242b8000 r--s 0000e000 103:06 928045                    /home/nanoo/dev/env/maven/repository/com/fasterxml/jackson/core/jackson-annotations/2.9.0/jackson-annotations-2.9.0.jar
7f48242b8000-7f48242bf000 r--s 00050000 103:06 568940                    /home/nanoo/dev/env/maven/repository/commons-configuration/commons-configuration/1.8/commons-configuration-1.8.jar
7f48242bf000-7f48242c1000 r--s 00002000 103:06 569692                    /home/nanoo/dev/env/maven/repository/org/springframework/cloud/spring-cloud-netflix-archaius/2.0.0.M7/spring-cloud-netflix-archaius-2.0.0.M7.jar
7f48242c1000-7f48242c2000 r--s 00000000 103:06 569682                    /home/nanoo/dev/env/maven/repository/org/springframework/cloud/spring-cloud-starter-netflix-archaius/2.0.0.M7/spring-cloud-starter-netflix-archaius-2.0.0.M7.jar
7f48242c2000-7f48242db000 r--s 000ff000 103:06 569727                    /home/nanoo/dev/env/maven/repository/io/reactivex/rxjava/1.3.6/rxjava-1.3.6.jar
7f48242db000-7f48242dd000 r--s 00002000 103:06 800510                    /home/nanoo/dev/env/maven/repository/com/netflix/netflix-commons/netflix-statistics/0.1.1/netflix-statistics-0.1.1.jar
7f48242dd000-7f48242e1000 r--s 00024000 103:06 800501                    /home/nanoo/dev/env/maven/repository/com/netflix/ribbon/ribbon-loadbalancer/2.2.4/ribbon-loadbalancer-2.2.4.jar
7f48242e1000-7f48242e2000 r--s 00001000 103:06 800514                    /home/nanoo/dev/env/maven/repository/com/netflix/netflix-commons/netflix-commons-util/0.1.1/netflix-commons-util-0.1.1.jar
7f48242e2000-7f48242ef000 r--s 00083000 103:06 919245                    /home/nanoo/dev/env/maven/repository/commons-collections/commons-collections/3.2.2/commons-collections-3.2.2.jar
7f48242ef000-7f48242f1000 r--s 0000c000 103:06 800485                    /home/nanoo/dev/env/maven/repository/com/netflix/ribbon/ribbon-httpclient/2.2.4/ribbon-httpclient-2.2.4.jar
7f48242f1000-7f48242f6000 r--s 00041000 103:06 923185                    /home/nanoo/dev/env/maven/repository/commons-lang/commons-lang/2.6/commons-lang-2.6.jar
7f48242f6000-7f48242fa000 r--s 00011000 103:06 800508                    /home/nanoo/dev/env/maven/repository/com/netflix/ribbon/ribbon-core/2.2.4/ribbon-core-2.2.4.jar
7f48242fa000-7f48242fb000 r--s 00007000 103:06 569736                    /home/nanoo/dev/env/maven/repository/io/netty/netty-resolver/4.1.22.Final/netty-resolver-4.1.22.Final.jar
7f48242fb000-7f4824305000 r--s 00066000 103:06 569728                    /home/nanoo/dev/env/maven/repository/io/netty/netty-transport/4.1.22.Final/netty-transport-4.1.22.Final.jar
7f4824305000-7f4824307000 r--s 00006000 103:06 569734                    /home/nanoo/dev/env/maven/repository/io/netty/netty-transport-native-unix-common/4.1.22.Final/netty-transport-native-unix-common-4.1.22.Final.jar
7f4824307000-7f482430b000 r--s 0003f000 103:06 569721                    /home/nanoo/dev/env/maven/repository/io/netty/netty-buffer/4.1.22.Final/netty-buffer-4.1.22.Final.jar
7f482430b000-7f4824317000 r--s 00081000 103:06 569739                    /home/nanoo/dev/env/maven/repository/io/netty/netty-common/4.1.22.Final/netty-common-4.1.22.Final.jar
7f4824317000-7f482431a000 r--s 0001a000 103:06 569717                    /home/nanoo/dev/env/maven/repository/io/netty/netty-transport-native-epoll/4.1.22.Final/netty-transport-native-epoll-4.1.22.Final.jar
7f482431a000-7f4824321000 r--s 00047000 103:06 569714                    /home/nanoo/dev/env/maven/repository/io/netty/netty-codec/4.1.22.Final/netty-codec-4.1.22.Final.jar
7f4824321000-7f482432c000 r--s 0007f000 103:06 569718                    /home/nanoo/dev/env/maven/repository/io/netty/netty-codec-http/4.1.22.Final/netty-codec-http-4.1.22.Final.jar
7f482432c000-7f4824336000 r--s 00059000 103:06 569720                    /home/nanoo/dev/env/maven/repository/io/reactivex/rxnetty/0.4.9/rxnetty-0.4.9.jar
7f4824336000-7f4824337000 r--s 00000000 103:06 1318159                   /home/nanoo/dev/env/maven/repository/javax/inject/javax.inject/1/javax.inject-1.jar
7f4824337000-7f4824339000 r--s 00006000 103:06 569711                    /home/nanoo/dev/env/maven/repository/io/reactivex/rxnetty-servo/0.4.9/rxnetty-servo-0.4.9.jar
7f4824339000-7f482433c000 r--s 0000b000 103:06 569705                    /home/nanoo/dev/env/maven/repository/io/reactivex/rxnetty-contexts/0.4.9/rxnetty-contexts-0.4.9.jar
7f482433c000-7f482433d000 r--s 00009000 103:06 800493                    /home/nanoo/dev/env/maven/repository/com/netflix/ribbon/ribbon-transport/2.2.4/ribbon-transport-2.2.4.jar
7f482433d000-7f4824341000 r--s 00012000 103:06 800488                    /home/nanoo/dev/env/maven/repository/com/netflix/ribbon/ribbon/2.2.4/ribbon-2.2.4.jar
7f4824341000-7f4824342000 r--s 00000000 103:06 569679                    /home/nanoo/dev/env/maven/repository/org/springframework/cloud/spring-cloud-starter-netflix-ribbon/2.0.0.M7/spring-cloud-starter-netflix-ribbon-2.0.0.M7.jar
7f4824342000-7f4824343000 r--s 00000000 103:06 569712                    /home/nanoo/dev/env/maven/repository/io/github/openfeign/feign-java8/9.5.1/feign-java8-9.5.1.jar
7f4824343000-7f4824345000 r--s 0001a000 103:06 568950                    /home/nanoo/dev/env/maven/repository/org/hdrhistogram/HdrHistogram/2.1.9/HdrHistogram-2.1.9.jar
7f4824345000-7f4824351000 r--s 00068000 103:06 800486                    /home/nanoo/dev/env/maven/repository/com/netflix/hystrix/hystrix-core/1.5.12/hystrix-core-1.5.12.jar
7f4824351000-7f4824353000 r--s 00003000 103:06 800305                    /home/nanoo/dev/env/maven/repository/com/google/code/findbugs/jsr305/3.0.1/jsr305-3.0.1.jar
7f4824353000-7f4824357000 r--s 0001f000 103:06 800492                    /home/nanoo/dev/env/maven/repository/com/netflix/archaius/archaius-core/0.7.5/archaius-core-0.7.5.jar
7f4824357000-7f4824358000 r--s 00003000 103:06 569708                    /home/nanoo/dev/env/maven/repository/io/github/openfeign/feign-hystrix/9.5.1/feign-hystrix-9.5.1.jar
7f4824358000-7f4824359000 r--s 00000000 103:06 569706                    /home/nanoo/dev/env/maven/repository/io/github/openfeign/feign-slf4j/9.5.1/feign-slf4j-9.5.1.jar
7f4824359000-7f482435b000 r--s 00016000 103:06 569715                    /home/nanoo/dev/env/maven/repository/io/github/openfeign/feign-core/9.5.1/feign-core-9.5.1.jar
7f482435b000-7f4824362000 r--s 0004b000 103:06 813559                    /home/nanoo/dev/env/maven/repository/commons-codec/commons-codec/1.11/commons-codec-1.11.jar
7f4824362000-7f4824369000 r--s 00049000 103:06 1045838                   /home/nanoo/dev/env/maven/repository/org/apache/httpcomponents/httpcore/4.4.9/httpcore-4.4.9.jar
7f4824369000-7f4824377000 r--s 000ae000 103:06 1045836                   /home/nanoo/dev/env/maven/repository/org/apache/httpcomponents/httpclient/4.5.5/httpclient-4.5.5.jar
7f4824377000-7f4824379000 r--s 00010000 103:06 1436302                   /home/nanoo/dev/env/maven/repository/org/springframework/security/spring-security-crypto/5.0.3.RELEASE/spring-security-crypto-5.0.3.RELEASE.jar
7f4824379000-7f482437e000 r--s 0001c000 103:06 569502                    /home/nanoo/dev/env/maven/repository/org/springframework/cloud/spring-cloud-commons/2.0.0.M8/spring-cloud-commons-2.0.0.M8.jar
7f482437e000-7f4824397000 r--s 001bf000 103:06 923083                    /home/nanoo/dev/env/maven/repository/org/aspectj/aspectjweaver/1.8.13/aspectjweaver-1.8.13.jar
7f4824397000-7f4824398000 r--s 00000000 103:06 1706243                   /home/nanoo/dev/env/maven/repository/org/springframework/boot/spring-boot-starter-aop/2.0.0.RELEASE/spring-boot-starter-aop-2.0.0.RELEASE.jar
7f4824398000-7f482439c000 r--s 00016000 103:06 569690                    /home/nanoo/dev/env/maven/repository/org/springframework/cloud/spring-cloud-netflix-ribbon/2.0.0.M7/spring-cloud-netflix-ribbon-2.0.0.M7.jar
7f482439c000-7f48243a0000 r--s 00016000 103:06 569678                    /home/nanoo/dev/env/maven/repository/org/springframework/cloud/spring-cloud-openfeign-core/2.0.0.M1/spring-cloud-openfeign-core-2.0.0.M1.jar
7f48243a0000-7f48243eb000 r--s 002ff000 103:06 569500                    /home/nanoo/dev/env/maven/repository/org/bouncycastle/bcprov-jdk15on/1.56/bcprov-jdk15on-1.56.jar
7f48243eb000-7f48243fc000 r--s 00097000 103:06 569495                    /home/nanoo/dev/env/maven/repository/org/bouncycastle/bcpkix-jdk15on/1.56/bcpkix-jdk15on-1.56.jar
7f48243fc000-7f48243fd000 r--s 00004000 103:06 1436304                   /home/nanoo/dev/env/maven/repository/org/springframework/security/spring-security-rsa/1.0.5.RELEASE/spring-security-rsa-1.0.5.RELEASE.jar
7f48243fd000-7f4824400000 r--s 00016000 103:06 569498                    /home/nanoo/dev/env/maven/repository/org/springframework/cloud/spring-cloud-context/2.0.0.M8/spring-cloud-context-2.0.0.M8.jar
7f4824400000-7f4824401000 r--s 00000000 103:06 569490                    /home/nanoo/dev/env/maven/repository/org/springframework/cloud/spring-cloud-starter/2.0.0.M8/spring-cloud-starter-2.0.0.M8.jar
7f4824401000-7f4824402000 r--s 00000000 103:06 569676                    /home/nanoo/dev/env/maven/repository/org/springframework/cloud/spring-cloud-starter-openfeign/2.0.0.M1/spring-cloud-starter-openfeign-2.0.0.M1.jar
7f4824402000-7f4824407000 r--s 0003c000 103:06 532719                    /home/nanoo/dev/env/maven/repository/org/springframework/spring-expression/5.0.4.RELEASE/spring-expression-5.0.4.RELEASE.jar
7f4824407000-7f4824421000 r--s 000ee000 103:06 532716                    /home/nanoo/dev/env/maven/repository/org/springframework/spring-context/5.0.4.RELEASE/spring-context-5.0.4.RELEASE.jar
7f4824421000-7f482442a000 r--s 0004f000 103:06 532721                    /home/nanoo/dev/env/maven/repository/org/springframework/spring-aop/5.0.4.RELEASE/spring-aop-5.0.4.RELEASE.jar
7f482442a000-7f4824439000 r--s 000b0000 103:06 532730                    /home/nanoo/dev/env/maven/repository/org/springframework/spring-webmvc/5.0.4.RELEASE/spring-webmvc-5.0.4.RELEASE.jar
7f4824439000-7f4824445000 r--s 00094000 103:06 532736                    /home/nanoo/dev/env/maven/repository/org/springframework/spring-beans/5.0.4.RELEASE/spring-beans-5.0.4.RELEASE.jar
7f4824445000-7f482445f000 r--s 00116000 103:06 532732                    /home/nanoo/dev/env/maven/repository/org/springframework/spring-web/5.0.4.RELEASE/spring-web-5.0.4.RELEASE.jar
7f482445f000-7f4824461000 r--s 0000e000 103:06 926082                    /home/nanoo/dev/env/maven/repository/com/fasterxml/classmate/1.3.4/classmate-1.3.4.jar
7f4824461000-7f4824463000 r--s 0000f000 103:06 540272                    /home/nanoo/dev/env/maven/repository/org/jboss/logging/jboss-logging/3.3.2.Final/jboss-logging-3.3.2.Final.jar
7f4824463000-7f4824468000 r--s 00012000 103:06 1191291                   /home/nanoo/dev/env/maven/repository/javax/validation/validation-api/2.0.1.Final/validation-api-2.0.1.Final.jar
7f4824468000-7f4824484000 r--s 000f5000 103:06 1436256                   /home/nanoo/dev/env/maven/repository/org/hibernate/validator/hibernate-validator/6.0.7.Final/hibernate-validator-6.0.7.Final.jar
7f4824484000-7f4824489000 r--s 0003a000 103:06 1176731                   /home/nanoo/dev/env/maven/repository/org/apache/tomcat/embed/tomcat-embed-websocket/8.5.28/tomcat-embed-websocket-8.5.28.jar
7f4824489000-7f482448d000 r--s 00037000 103:06 923077                    /home/nanoo/dev/env/maven/repository/org/apache/tomcat/embed/tomcat-embed-el/8.5.28/tomcat-embed-el-8.5.28.jar
7f482448d000-7f48244b7000 r--s 002ce000 103:06 678200                    /home/nanoo/dev/env/maven/repository/org/apache/tomcat/embed/tomcat-embed-core/8.5.28/tomcat-embed-core-8.5.28.jar
7f48244b7000-7f48244b8000 r--s 00000000 103:06 1706229                   /home/nanoo/dev/env/maven/repository/org/springframework/boot/spring-boot-starter-tomcat/2.0.0.RELEASE/spring-boot-starter-tomcat-2.0.0.RELEASE.jar
7f48244b8000-7f48244ba000 r--s 00001000 103:06 1176484                   /home/nanoo/dev/env/maven/repository/com/fasterxml/jackson/module/jackson-module-parameter-names/2.9.3/jackson-module-parameter-names-2.9.3.jar
7f48244ba000-7f48244bd000 r--s 00015000 103:06 923199                    /home/nanoo/dev/env/maven/repository/com/fasterxml/jackson/datatype/jackson-datatype-jsr310/2.9.3/jackson-datatype-jsr310-2.9.3.jar
7f48244bd000-7f48244bf000 r--s 00007000 103:06 1436307                   /home/nanoo/dev/env/maven/repository/com/fasterxml/jackson/datatype/jackson-datatype-jdk8/2.9.3/jackson-datatype-jdk8-2.9.3.jar
7f48244bf000-7f48244d2000 r--s 00134000 103:06 800418                    /home/nanoo/dev/env/maven/repository/com/fasterxml/jackson/core/jackson-databind/2.9.3/jackson-databind-2.9.3.jar
7f48244d2000-7f48244d3000 r--s 00000000 103:06 1706242                   /home/nanoo/dev/env/maven/repository/org/springframework/boot/spring-boot-starter-json/2.0.0.RELEASE/spring-boot-starter-json-2.0.0.RELEASE.jar
7f48244d3000-7f48244d4000 r--s 00000000 103:06 1706228                   /home/nanoo/dev/env/maven/repository/org/springframework/boot/spring-boot-starter-web/2.0.0.RELEASE/spring-boot-starter-web-2.0.0.RELEASE.jar
7f48244d4000-7f48244d5000 r--s 00009000 103:06 569756                    /home/nanoo/dev/env/maven/repository/org/thymeleaf/extras/thymeleaf-extras-java8time/3.0.1.RELEASE/thymeleaf-extras-java8time-3.0.1.RELEASE.jar
7f48244d5000-7f48244d7000 r--s 00009000 103:06 686766                    /home/nanoo/dev/env/maven/repository/org/slf4j/slf4j-api/1.7.25/slf4j-api-1.7.25.jar
7f48244d7000-7f48244da000 r--s 00026000 103:06 526251                    /home/nanoo/dev/env/maven/repository/org/unbescape/unbescape/1.1.5.RELEASE/unbescape-1.1.5.RELEASE.jar
7f48244da000-7f48244de000 r--s 00035000 103:06 526247                    /home/nanoo/dev/env/maven/repository/org/attoparser/attoparser/2.0.4.RELEASE/attoparser-2.0.4.RELEASE.jar
7f48244de000-7f48244ee000 r--s 000c5000 103:06 526250                    /home/nanoo/dev/env/maven/repository/org/thymeleaf/thymeleaf/3.0.9.RELEASE/thymeleaf-3.0.9.RELEASE.jar
7f48244ee000-7f48244f2000 r--s 00027000 103:06 526245                    /home/nanoo/dev/env/maven/repository/org/thymeleaf/thymeleaf-spring5/3.0.9.RELEASE/thymeleaf-spring5-3.0.9.RELEASE.jar
7f48244f2000-7f48244f9000 r--s 00042000 103:06 1436252                   /home/nanoo/dev/env/maven/repository/org/yaml/snakeyaml/1.19/snakeyaml-1.19.jar
7f48244f9000-7f48244ff000 r--s 00039000 103:06 1045637                   /home/nanoo/dev/env/maven/repository/org/apache/logging/log4j/log4j-api/2.10.0/log4j-api-2.10.0.jar
7f48244ff000-7f482450a000 r--s 00069000 103:06 540268                    /home/nanoo/dev/env/maven/repository/ch/qos/logback/logback-core/1.2.3/logback-core-1.2.3.jar
7f482450a000-7f482451d000 r--s 0034b000 103:06 545790                    /home/nanoo/dev/env/java/jdk1.8.0_231/jre/lib/resources.jar
7f482451d000-7f4824530000 r--s 000d6000 103:06 545697                    /home/nanoo/dev/env/java/jdk1.8.0_231/jre/lib/plugin.jar
7f4824530000-7f4824533000 ---p 00000000 00:00 0 
7f4824533000-7f4824631000 rw-p 00000000 00:00 0 
7f4824631000-7f4825000000 r--p 00000000 103:06 1574196                   /usr/lib/locale/locale-archive
7f4825000000-7f4825003000 ---p 00000000 00:00 0 
7f4825003000-7f4825101000 rw-p 00000000 00:00 0 
7f4825101000-7f4825104000 ---p 00000000 00:00 0 
7f4825104000-7f4825202000 rw-p 00000000 00:00 0 
7f4825202000-7f4825203000 ---p 00000000 00:00 0 
7f4825203000-7f4826e1e000 rw-p 00000000 00:00 0 
7f4826e1e000-7f4826ff8000 r--s 03d89000 103:06 545703                    /home/nanoo/dev/env/java/jdk1.8.0_231/jre/lib/rt.jar
7f4826ff8000-7f4827bc5000 rw-p 00000000 00:00 0 
7f4827bc5000-7f4827bc6000 ---p 00000000 00:00 0 
7f4827bc6000-7f4827cc6000 rw-p 00000000 00:00 0 
7f4827cc6000-7f4827cc7000 ---p 00000000 00:00 0 
7f4827cc7000-7f4827dc7000 rw-p 00000000 00:00 0 
7f4827dc7000-7f4827dc8000 ---p 00000000 00:00 0 
7f4827dc8000-7f4827ec8000 rw-p 00000000 00:00 0 
7f4827ec8000-7f4827ec9000 ---p 00000000 00:00 0 
7f4827ec9000-7f4827fc9000 rw-p 00000000 00:00 0 
7f4827fc9000-7f4827fca000 ---p 00000000 00:00 0 
7f4827fca000-7f48280ca000 rw-p 00000000 00:00 0 
7f48280ca000-7f48280cb000 ---p 00000000 00:00 0 
7f48280cb000-7f48281cb000 rw-p 00000000 00:00 0 
7f48281cb000-7f48281cc000 ---p 00000000 00:00 0 
7f48281cc000-7f48282cc000 rw-p 00000000 00:00 0 
7f48282cc000-7f48282cd000 ---p 00000000 00:00 0 
7f48282cd000-7f48283ea000 rw-p 00000000 00:00 0 
7f48283ea000-7f4828656000 ---p 00000000 00:00 0 
7f4828656000-7f4828673000 rw-p 00000000 00:00 0 
7f4828673000-7f48288de000 ---p 00000000 00:00 0 
7f48288de000-7f4828951000 rw-p 00000000 00:00 0 
7f4828951000-7f4828a23000 ---p 00000000 00:00 0 
7f4828a23000-7f4828a42000 rw-p 00000000 00:00 0 
7f4828a42000-7f4828de4000 ---p 00000000 00:00 0 
7f4828de4000-7f4829564000 rwxp 00000000 00:00 0 
7f4829564000-7f4837de4000 ---p 00000000 00:00 0 
7f4837de4000-7f4837dff000 r-xp 00000000 103:06 545899                    /home/nanoo/dev/env/java/jdk1.8.0_231/jre/lib/amd64/libzip.so
7f4837dff000-7f4837ffe000 ---p 0001b000 103:06 545899                    /home/nanoo/dev/env/java/jdk1.8.0_231/jre/lib/amd64/libzip.so
7f4837ffe000-7f4837fff000 r--p 0001a000 103:06 545899                    /home/nanoo/dev/env/java/jdk1.8.0_231/jre/lib/amd64/libzip.so
7f4837fff000-7f4838000000 rw-p 0001b000 103:06 545899                    /home/nanoo/dev/env/java/jdk1.8.0_231/jre/lib/amd64/libzip.so
7f4838000000-7f48390bc000 rw-p 00000000 00:00 0 
7f48390bc000-7f483c000000 ---p 00000000 00:00 0 
7f483c000000-7f483c002000 r--s 00005000 103:06 1323623                   /home/nanoo/dev/env/maven/repository/javax/annotation/javax.annotation-api/1.3.2/javax.annotation-api-1.3.2.jar
7f483c002000-7f483c004000 r--s 00000000 103:06 923073                    /home/nanoo/dev/env/maven/repository/org/slf4j/jul-to-slf4j/1.7.25/jul-to-slf4j-1.7.25.jar
7f483c004000-7f483c006000 r--s 00003000 103:06 1176728                   /home/nanoo/dev/env/maven/repository/org/apache/logging/log4j/log4j-to-slf4j/2.10.0/log4j-to-slf4j-2.10.0.jar
7f483c006000-7f483c00c000 r--s 00041000 103:06 540266                    /home/nanoo/dev/env/maven/repository/ch/qos/logback/logback-classic/1.2.3/logback-classic-1.2.3.jar
7f483c00c000-7f483c00d000 r--s 00000000 103:06 1706238                   /home/nanoo/dev/env/maven/repository/org/springframework/boot/spring-boot-starter-logging/2.0.0.RELEASE/spring-boot-starter-logging-2.0.0.RELEASE.jar
7f483c00d000-7f483c00e000 r--s 00000000 103:06 1706253                   /home/nanoo/dev/env/maven/repository/org/springframework/boot/spring-boot-starter/2.0.0.RELEASE/spring-boot-starter-2.0.0.RELEASE.jar
7f483c00e000-7f483c029000 r--s 0020c000 103:06 545698                    /home/nanoo/dev/env/java/jdk1.8.0_231/jre/lib/deploy.jar
7f483c029000-7f483c09f000 rw-p 00000000 00:00 0 
7f483c09f000-7f483c0aa000 r-xp 00000000 103:06 1311682                   /lib/x86_64-linux-gnu/libnss_files-2.27.so
7f483c0aa000-7f483c2a9000 ---p 0000b000 103:06 1311682                   /lib/x86_64-linux-gnu/libnss_files-2.27.so
7f483c2a9000-7f483c2aa000 r--p 0000a000 103:06 1311682                   /lib/x86_64-linux-gnu/libnss_files-2.27.so
7f483c2aa000-7f483c2ab000 rw-p 0000b000 103:06 1311682                   /lib/x86_64-linux-gnu/libnss_files-2.27.so
7f483c2ab000-7f483c2b1000 rw-p 00000000 00:00 0 
7f483c2b1000-7f483c2c8000 r-xp 00000000 103:06 1311676                   /lib/x86_64-linux-gnu/libnsl-2.27.so
7f483c2c8000-7f483c4c7000 ---p 00017000 103:06 1311676                   /lib/x86_64-linux-gnu/libnsl-2.27.so
7f483c4c7000-7f483c4c8000 r--p 00016000 103:06 1311676                   /lib/x86_64-linux-gnu/libnsl-2.27.so
7f483c4c8000-7f483c4c9000 rw-p 00017000 103:06 1311676                   /lib/x86_64-linux-gnu/libnsl-2.27.so
7f483c4c9000-7f483c4cb000 rw-p 00000000 00:00 0 
7f483c4cb000-7f483c4d6000 r-xp 00000000 103:06 1311693                   /lib/x86_64-linux-gnu/libnss_nis-2.27.so
7f483c4d6000-7f483c6d5000 ---p 0000b000 103:06 1311693                   /lib/x86_64-linux-gnu/libnss_nis-2.27.so
7f483c6d5000-7f483c6d6000 r--p 0000a000 103:06 1311693                   /lib/x86_64-linux-gnu/libnss_nis-2.27.so
7f483c6d6000-7f483c6d7000 rw-p 0000b000 103:06 1311693                   /lib/x86_64-linux-gnu/libnss_nis-2.27.so
7f483c6d7000-7f483c6df000 r-xp 00000000 103:06 1311678                   /lib/x86_64-linux-gnu/libnss_compat-2.27.so
7f483c6df000-7f483c8df000 ---p 00008000 103:06 1311678                   /lib/x86_64-linux-gnu/libnss_compat-2.27.so
7f483c8df000-7f483c8e0000 r--p 00008000 103:06 1311678                   /lib/x86_64-linux-gnu/libnss_compat-2.27.so
7f483c8e0000-7f483c8e1000 rw-p 00009000 103:06 1311678                   /lib/x86_64-linux-gnu/libnss_compat-2.27.so
7f483c8e1000-7f483c8eb000 r-xp 00000000 103:06 545901                    /home/nanoo/dev/env/java/jdk1.8.0_231/jre/lib/amd64/libinstrument.so
7f483c8eb000-7f483caea000 ---p 0000a000 103:06 545901                    /home/nanoo/dev/env/java/jdk1.8.0_231/jre/lib/amd64/libinstrument.so
7f483caea000-7f483caeb000 r--p 00009000 103:06 545901                    /home/nanoo/dev/env/java/jdk1.8.0_231/jre/lib/amd64/libinstrument.so
7f483caeb000-7f483caec000 rw-p 0000a000 103:06 545901                    /home/nanoo/dev/env/java/jdk1.8.0_231/jre/lib/amd64/libinstrument.so
7f483caec000-7f483cb18000 r-xp 00000000 103:06 545891                    /home/nanoo/dev/env/java/jdk1.8.0_231/jre/lib/amd64/libjava.so
7f483cb18000-7f483cd18000 ---p 0002c000 103:06 545891                    /home/nanoo/dev/env/java/jdk1.8.0_231/jre/lib/amd64/libjava.so
7f483cd18000-7f483cd19000 r--p 0002c000 103:06 545891                    /home/nanoo/dev/env/java/jdk1.8.0_231/jre/lib/amd64/libjava.so
7f483cd19000-7f483cd1b000 rw-p 0002d000 103:06 545891                    /home/nanoo/dev/env/java/jdk1.8.0_231/jre/lib/amd64/libjava.so
7f483cd1b000-7f483cd28000 r-xp 00000000 103:06 545882                    /home/nanoo/dev/env/java/jdk1.8.0_231/jre/lib/amd64/libverify.so
7f483cd28000-7f483cf27000 ---p 0000d000 103:06 545882                    /home/nanoo/dev/env/java/jdk1.8.0_231/jre/lib/amd64/libverify.so
7f483cf27000-7f483cf29000 r--p 0000c000 103:06 545882                    /home/nanoo/dev/env/java/jdk1.8.0_231/jre/lib/amd64/libverify.so
7f483cf29000-7f483cf2a000 rw-p 0000e000 103:06 545882                    /home/nanoo/dev/env/java/jdk1.8.0_231/jre/lib/amd64/libverify.so
7f483cf2a000-7f483cf31000 r-xp 00000000 103:06 1311733                   /lib/x86_64-linux-gnu/librt-2.27.so
7f483cf31000-7f483d130000 ---p 00007000 103:06 1311733                   /lib/x86_64-linux-gnu/librt-2.27.so
7f483d130000-7f483d131000 r--p 00006000 103:06 1311733                   /lib/x86_64-linux-gnu/librt-2.27.so
7f483d131000-7f483d132000 rw-p 00007000 103:06 1311733                   /lib/x86_64-linux-gnu/librt-2.27.so
7f483d132000-7f483d2cf000 r-xp 00000000 103:06 1311655                   /lib/x86_64-linux-gnu/libm-2.27.so
7f483d2cf000-7f483d4ce000 ---p 0019d000 103:06 1311655                   /lib/x86_64-linux-gnu/libm-2.27.so
7f483d4ce000-7f483d4cf000 r--p 0019c000 103:06 1311655                   /lib/x86_64-linux-gnu/libm-2.27.so
7f483d4cf000-7f483d4d0000 rw-p 0019d000 103:06 1311655                   /lib/x86_64-linux-gnu/libm-2.27.so
7f483d4d0000-7f483e1b9000 r-xp 00000000 103:06 545897                    /home/nanoo/dev/env/java/jdk1.8.0_231/jre/lib/amd64/server/libjvm.so
7f483e1b9000-7f483e3b8000 ---p 00ce9000 103:06 545897                    /home/nanoo/dev/env/java/jdk1.8.0_231/jre/lib/amd64/server/libjvm.so
7f483e3b8000-7f483e44e000 r--p 00ce8000 103:06 545897                    /home/nanoo/dev/env/java/jdk1.8.0_231/jre/lib/amd64/server/libjvm.so
7f483e44e000-7f483e47f000 rw-p 00d7e000 103:06 545897                    /home/nanoo/dev/env/java/jdk1.8.0_231/jre/lib/amd64/server/libjvm.so
7f483e47f000-7f483e4ba000 rw-p 00000000 00:00 0 
7f483e4ba000-7f483e6a1000 r-xp 00000000 103:06 1311592                   /lib/x86_64-linux-gnu/libc-2.27.so
7f483e6a1000-7f483e8a1000 ---p 001e7000 103:06 1311592                   /lib/x86_64-linux-gnu/libc-2.27.so
7f483e8a1000-7f483e8a5000 r--p 001e7000 103:06 1311592                   /lib/x86_64-linux-gnu/libc-2.27.so
7f483e8a5000-7f483e8a7000 rw-p 001eb000 103:06 1311592                   /lib/x86_64-linux-gnu/libc-2.27.so
7f483e8a7000-7f483e8ab000 rw-p 00000000 00:00 0 
7f483e8ab000-7f483e8ae000 r-xp 00000000 103:06 1311615                   /lib/x86_64-linux-gnu/libdl-2.27.so
7f483e8ae000-7f483eaad000 ---p 00003000 103:06 1311615                   /lib/x86_64-linux-gnu/libdl-2.27.so
7f483eaad000-7f483eaae000 r--p 00002000 103:06 1311615                   /lib/x86_64-linux-gnu/libdl-2.27.so
7f483eaae000-7f483eaaf000 rw-p 00003000 103:06 1311615                   /lib/x86_64-linux-gnu/libdl-2.27.so
7f483eaaf000-7f483eac6000 r-xp 00000000 103:06 545027                    /home/nanoo/dev/env/java/jdk1.8.0_231/lib/amd64/jli/libjli.so
7f483eac6000-7f483ecc5000 ---p 00017000 103:06 545027                    /home/nanoo/dev/env/java/jdk1.8.0_231/lib/amd64/jli/libjli.so
7f483ecc5000-7f483ecc6000 r--p 00016000 103:06 545027                    /home/nanoo/dev/env/java/jdk1.8.0_231/lib/amd64/jli/libjli.so
7f483ecc6000-7f483ecc7000 rw-p 00017000 103:06 545027                    /home/nanoo/dev/env/java/jdk1.8.0_231/lib/amd64/jli/libjli.so
7f483ecc7000-7f483ece1000 r-xp 00000000 103:06 1311725                   /lib/x86_64-linux-gnu/libpthread-2.27.so
7f483ece1000-7f483eee0000 ---p 0001a000 103:06 1311725                   /lib/x86_64-linux-gnu/libpthread-2.27.so
7f483eee0000-7f483eee1000 r--p 00019000 103:06 1311725                   /lib/x86_64-linux-gnu/libpthread-2.27.so
7f483eee1000-7f483eee2000 rw-p 0001a000 103:06 1311725                   /lib/x86_64-linux-gnu/libpthread-2.27.so
7f483eee2000-7f483eee6000 rw-p 00000000 00:00 0 
7f483eee6000-7f483ef0d000 r-xp 00000000 103:06 1311564                   /lib/x86_64-linux-gnu/ld-2.27.so
7f483ef0d000-7f483ef0e000 r--s 00000000 103:06 1706421                   /home/nanoo/dev/env/maven/repository/org/springframework/boot/spring-boot-starter-thymeleaf/2.0.0.RELEASE/spring-boot-starter-thymeleaf-2.0.0.RELEASE.jar
7f483ef0e000-7f483ef0f000 r--s 00000000 103:06 545872                    /home/nanoo/dev/env/java/jdk1.8.0_231/jre/lib/management-agent.jar
7f483ef0f000-7f483ef13000 r--s 000a4000 103:06 545841                    /home/nanoo/dev/env/java/jdk1.8.0_231/jre/lib/jsse.jar
7f483ef13000-7f483ef15000 r--s 00007000 103:06 545846                    /home/nanoo/dev/env/java/jdk1.8.0_231/jre/lib/jfxswt.jar
7f483ef15000-7f483ef1a000 r--s 00087000 103:06 545821                    /home/nanoo/dev/env/java/jdk1.8.0_231/jre/lib/jfr.jar
7f483ef1a000-7f483ef1d000 r--s 0001a000 103:06 545760                    /home/nanoo/dev/env/java/jdk1.8.0_231/jre/lib/jce.jar
7f483ef1d000-7f483efef000 rw-p 00000000 00:00 0 
7f483efef000-7f483eff0000 ---p 00000000 00:00 0 
7f483eff0000-7f483eff3000 ---p 00000000 00:00 0 
7f483eff3000-7f483f0f4000 rw-p 00000000 00:00 0 
7f483f0f4000-7f483f0fe000 r--s 0006e000 103:06 545793                    /home/nanoo/dev/env/java/jdk1.8.0_231/jre/lib/javaws.jar
7f483f0fe000-7f483f103000 r--s 002f9000 103:06 545702                    /home/nanoo/dev/env/java/jdk1.8.0_231/jre/lib/charsets.jar
7f483f103000-7f483f10b000 rw-s 00000000 103:06 1176959                   /tmp/hsperfdata_nanoo/7520
7f483f10b000-7f483f10c000 rw-p 00000000 00:00 0 
7f483f10c000-7f483f10d000 ---p 00000000 00:00 0 
7f483f10d000-7f483f10e000 r--p 00027000 103:06 1311564                   /lib/x86_64-linux-gnu/ld-2.27.so
7f483f10e000-7f483f10f000 rw-p 00028000 103:06 1311564                   /lib/x86_64-linux-gnu/ld-2.27.so
7f483f10f000-7f483f110000 rw-p 00000000 00:00 0 
7ffe2bea1000-7ffe2bec6000 rw-p 00000000 00:00 0                          [stack]
7ffe2bf24000-7ffe2bf27000 r--p 00000000 00:00 0                          [vvar]
7ffe2bf27000-7ffe2bf28000 r-xp 00000000 00:00 0                          [vdso]
ffffffffff600000-ffffffffff601000 r-xp 00000000 00:00 0                  [vsyscall]

VM Arguments:
jvm_args: -XX:TieredStopAtLevel=1 -Xverify:none -Dspring.output.ansi.enabled=always -Dcom.sun.management.jmxremote -Dspring.jmx.enabled=true -Dspring.liveBeansView.mbeanDomain -Dspring.application.admin.enabled=true -javaagent:/home/nanoo/.local/share/JetBrains/Toolbox/apps/IDEA-U/ch-0/192.7142.36/lib/idea_rt.jar=33009:/home/nanoo/.local/share/JetBrains/Toolbox/apps/IDEA-U/ch-0/192.7142.36/bin -Dfile.encoding=UTF-8 
java_command: com.nanoo.library.clientweb.ClientWebApplication
java_class_path (initial): /home/nanoo/dev/env/java/jdk1.8.0_231/jre/lib/charsets.jar:/home/nanoo/dev/env/java/jdk1.8.0_231/jre/lib/deploy.jar:/home/nanoo/dev/env/java/jdk1.8.0_231/jre/lib/ext/cldrdata.jar:/home/nanoo/dev/env/java/jdk1.8.0_231/jre/lib/ext/dnsns.jar:/home/nanoo/dev/env/java/jdk1.8.0_231/jre/lib/ext/jaccess.jar:/home/nanoo/dev/env/java/jdk1.8.0_231/jre/lib/ext/jfxrt.jar:/home/nanoo/dev/env/java/jdk1.8.0_231/jre/lib/ext/localedata.jar:/home/nanoo/dev/env/java/jdk1.8.0_231/jre/lib/ext/nashorn.jar:/home/nanoo/dev/env/java/jdk1.8.0_231/jre/lib/ext/sunec.jar:/home/nanoo/dev/env/java/jdk1.8.0_231/jre/lib/ext/sunjce_provider.jar:/home/nanoo/dev/env/java/jdk1.8.0_231/jre/lib/ext/sunpkcs11.jar:/home/nanoo/dev/env/java/jdk1.8.0_231/jre/lib/ext/zipfs.jar:/home/nanoo/dev/env/java/jdk1.8.0_231/jre/lib/javaws.jar:/home/nanoo/dev/env/java/jdk1.8.0_231/jre/lib/jce.jar:/home/nanoo/dev/env/java/jdk1.8.0_231/jre/lib/jfr.jar:/home/nanoo/dev/env/java/jdk1.8.0_231/jre/lib/jfxswt.jar:/home/nanoo/dev/env/java/jdk1.8.0_231/jre/lib/jsse.jar:/home/nanoo/dev/env/java/jdk1.8.0_231/jre/lib/management-agent.jar:/home/nanoo/dev/env/java/jdk1.8.0_231/jre/lib/plugin.jar:/home/nanoo/dev/env/java/jdk1.8.0_231/jre/lib/resources.jar:/home/nanoo/dev/env/java/jdk1.8.0_231/jre/lib/rt.jar:/home/nanoo/dev/intelliJ-workspace/Library/api-client-web/target/classes:/home/nanoo/dev/env/maven/repository/org/springframework/boot/spring-boot-starter-thymeleaf/2.0.0.RELEASE/spring-boot-starter-thymeleaf-2.0.0.RELEASE.jar:/home/nanoo/dev/env/maven/repository/org/springframework/boot/spring-boot-starter/2.0.0.RELEASE/spring-boot-starter-2.0.0.RELEASE.jar:/home/nanoo/dev/env/maven/repository/org/springframework/boot/spring-boot-starter-logging/2.0.0.RELEASE/spring-boot-starter-logging-2.0.0.RELEASE.jar:/home/nanoo/dev/env/maven/repository/ch/qos/logback/logback-classic/1.2.3/logback-classic-1.2.3.jar:/home/nanoo/dev/env/maven/repository/ch/qos/logback/logback-core/1.2.3/logback-core-1.2.3.jar:/home/nano
Launcher Type: SUN_STANDARD

Environment Variables:
JAVA_HOME=/home/nanoo/dev/env/java/jdk-12.0.2
PATH=/usr/local/sbin:/usr/local/bin:/usr/sbin:/usr/bin:/sbin:/bin:/usr/games:/usr/local/games:/snap/bin:/home/nanoo/bin:/home/nanoo/dev/env/java/jdk-12.0.2/bin
USERNAME=nanoo
SHELL=/bin/bash
DISPLAY=:0

Signal Handlers:
SIGSEGV: [libjvm.so+0xad4d90], sa_mask[0]=11111111011111111101111111111110, sa_flags=SA_RESTART|SA_SIGINFO
SIGBUS: [libjvm.so+0xad4d90], sa_mask[0]=11111111011111111101111111111110, sa_flags=SA_RESTART|SA_SIGINFO
SIGFPE: [libjvm.so+0x90bc10], sa_mask[0]=11111111011111111101111111111110, sa_flags=SA_RESTART|SA_SIGINFO
SIGPIPE: [libjvm.so+0x90bc10], sa_mask[0]=11111111011111111101111111111110, sa_flags=SA_RESTART|SA_SIGINFO
SIGXFSZ: [libjvm.so+0x90bc10], sa_mask[0]=11111111011111111101111111111110, sa_flags=SA_RESTART|SA_SIGINFO
SIGILL: [libjvm.so+0x90bc10], sa_mask[0]=11111111011111111101111111111110, sa_flags=SA_RESTART|SA_SIGINFO
SIGUSR1: SIG_DFL, sa_mask[0]=00000000000000000000000000000000, sa_flags=none
SIGUSR2: [libjvm.so+0x90bae0], sa_mask[0]=00100000000000000000000000000000, sa_flags=SA_RESTART|SA_SIGINFO
SIGHUP: [libjvm.so+0x90c100], sa_mask[0]=11111111011111111101111111111110, sa_flags=SA_RESTART|SA_SIGINFO
SIGINT: [libjvm.so+0x90c100], sa_mask[0]=11111111011111111101111111111110, sa_flags=SA_RESTART|SA_SIGINFO
SIGTERM: [libjvm.so+0x90c100], sa_mask[0]=11111111011111111101111111111110, sa_flags=SA_RESTART|SA_SIGINFO
SIGQUIT: [libjvm.so+0x90c100], sa_mask[0]=11111111011111111101111111111110, sa_flags=SA_RESTART|SA_SIGINFO


---------------  S Y S T E M  ---------------

OS:DISTRIB_ID=Ubuntu
DISTRIB_RELEASE=18.04
DISTRIB_CODENAME=bionic
DISTRIB_DESCRIPTION="Ubuntu 18.04.3 LTS"

uname:Linux 5.0.0-36-generic #39~18.04.1-Ubuntu SMP Tue Nov 12 11:09:50 UTC 2019 x86_64
libc:glibc 2.27 NPTL 2.27 
rlimit: STACK 8192k, CORE 0k, NPROC 30937, NOFILE 1048576, AS infinity
load average:8,98 3,20 1,92

/proc/meminfo:
MemTotal:        7968256 kB
MemFree:          121820 kB
MemAvailable:      24936 kB
Buffers:            2392 kB
Cached:           234512 kB
SwapCached:        89600 kB
Active:          6425760 kB
Inactive:         934444 kB
Active(anon):    6417844 kB
Inactive(anon):   916964 kB
Active(file):       7916 kB
Inactive(file):    17480 kB
Unevictable:         692 kB
Mlocked:              48 kB
SwapTotal:       3000316 kB
SwapFree:              0 kB
Dirty:                 0 kB
Writeback:            12 kB
AnonPages:       7039460 kB
Mapped:           113416 kB
Shmem:            210560 kB
KReclaimable:      66640 kB
Slab:             177808 kB
SReclaimable:      66640 kB
SUnreclaim:       111168 kB
KernelStack:       29936 kB
PageTables:       139148 kB
NFS_Unstable:          0 kB
Bounce:                0 kB
WritebackTmp:          0 kB
CommitLimit:     6984444 kB
Committed_AS:   23804212 kB
VmallocTotal:   34359738367 kB
VmallocUsed:           0 kB
VmallocChunk:          0 kB
Percpu:             2816 kB
HardwareCorrupted:     0 kB
AnonHugePages:         0 kB
ShmemHugePages:        0 kB
ShmemPmdMapped:        0 kB
CmaTotal:              0 kB
CmaFree:               0 kB
HugePages_Total:       0
HugePages_Free:        0
HugePages_Rsvd:        0
HugePages_Surp:        0
Hugepagesize:       2048 kB
Hugetlb:               0 kB
DirectMap4k:      522668 kB
DirectMap2M:     7669760 kB
DirectMap1G:     1048576 kB

container (cgroup) information:
container_type: cgroupv1
cpu_cpuset_cpus: 0-7
cpu_memory_nodes: 0
active_processor_count: 8
cpu_quota: -1
cpu_period: 100000
cpu_shares: -1
memory_limit_in_bytes: -1
memory_and_swap_limit_in_bytes: -2
memory_soft_limit_in_bytes: -1
memory_usage_in_bytes: 7532634112
memory_max_usage_in_bytes: 1349730304


CPU:total 8 (initial active 8) (4 cores per cpu, 2 threads per core) family 6 model 158 stepping 10, cmov, cx8, fxsr, mmx, sse, sse2, sse3, ssse3, sse4.1, sse4.2, popcnt, avx, avx2, aes, clmul, erms, 3dnowpref, lzcnt, ht, tsc, tscinvbit, bmi1, bmi2, adx

/proc/cpuinfo:
processor	: 0
vendor_id	: GenuineIntel
cpu family	: 6
model		: 158
model name	: Intel(R) Core(TM) i5-8300H CPU @ 2.30GHz
stepping	: 10
microcode	: 0xca
cpu MHz		: 3899.991
cache size	: 8192 KB
physical id	: 0
siblings	: 8
core id		: 0
cpu cores	: 4
apicid		: 0
initial apicid	: 0
fpu		: yes
fpu_exception	: yes
cpuid level	: 22
wp		: yes
flags		: fpu vme de pse tsc msr pae mce cx8 apic sep mtrr pge mca cmov pat pse36 clflush dts acpi mmx fxsr sse sse2 ss ht tm pbe syscall nx pdpe1gb rdtscp lm constant_tsc art arch_perfmon pebs bts rep_good nopl xtopology nonstop_tsc cpuid aperfmperf tsc_known_freq pni pclmulqdq dtes64 monitor ds_cpl vmx est tm2 ssse3 sdbg fma cx16 xtpr pdcm pcid sse4_1 sse4_2 x2apic movbe popcnt tsc_deadline_timer aes xsave avx f16c rdrand lahf_lm abm 3dnowprefetch cpuid_fault epb invpcid_single pti ssbd ibrs ibpb stibp tpr_shadow vnmi flexpriority ept vpid ept_ad fsgsbase tsc_adjust bmi1 avx2 smep bmi2 erms invpcid mpx rdseed adx smap clflushopt intel_pt xsaveopt xsavec xgetbv1 xsaves dtherm ida arat pln pts hwp hwp_notify hwp_act_window hwp_epp md_clear flush_l1d
bugs		: cpu_meltdown spectre_v1 spectre_v2 spec_store_bypass l1tf mds swapgs itlb_multihit
bogomips	: 4608.00
clflush size	: 64
cache_alignment	: 64
address sizes	: 39 bits physical, 48 bits virtual
power management:

processor	: 1
vendor_id	: GenuineIntel
cpu family	: 6
model		: 158
model name	: Intel(R) Core(TM) i5-8300H CPU @ 2.30GHz
stepping	: 10
microcode	: 0xca
cpu MHz		: 3899.960
cache size	: 8192 KB
physical id	: 0
siblings	: 8
core id		: 1
cpu cores	: 4
apicid		: 2
initial apicid	: 2
fpu		: yes
fpu_exception	: yes
cpuid level	: 22
wp		: yes
flags		: fpu vme de pse tsc msr pae mce cx8 apic sep mtrr pge mca cmov pat pse36 clflush dts acpi mmx fxsr sse sse2 ss ht tm pbe syscall nx pdpe1gb rdtscp lm constant_tsc art arch_perfmon pebs bts rep_good nopl xtopology nonstop_tsc cpuid aperfmperf tsc_known_freq pni pclmulqdq dtes64 monitor ds_cpl vmx est tm2 ssse3 sdbg fma cx16 xtpr pdcm pcid sse4_1 sse4_2 x2apic movbe popcnt tsc_deadline_timer aes xsave avx f16c rdrand lahf_lm abm 3dnowprefetch cpuid_fault epb invpcid_single pti ssbd ibrs ibpb stibp tpr_shadow vnmi flexpriority ept vpid ept_ad fsgsbase tsc_adjust bmi1 avx2 smep bmi2 erms invpcid mpx rdseed adx smap clflushopt intel_pt xsaveopt xsavec xgetbv1 xsaves dtherm ida arat pln pts hwp hwp_notify hwp_act_window hwp_epp flush_l1d
bugs		: cpu_meltdown spectre_v1 spectre_v2 spec_store_bypass l1tf mds swapgs itlb_multihit
bogomips	: 4608.00
clflush size	: 64
cache_alignment	: 64
address sizes	: 39 bits physical, 48 bits virtual
power management:

processor	: 2
vendor_id	: GenuineIntel
cpu family	: 6
model		: 158
model name	: Intel(R) Core(TM) i5-8300H CPU @ 2.30GHz
stepping	: 10
microcode	: 0xca
cpu MHz		: 3900.015
cache size	: 8192 KB
physical id	: 0
siblings	: 8
core id		: 2
cpu cores	: 4
apicid		: 4
initial apicid	: 4
fpu		: yes
fpu_exception	: yes
cpuid level	: 22
wp		: yes
flags		: fpu vme de pse tsc msr pae mce cx8 apic sep mtrr pge mca cmov pat pse36 clflush dts acpi mmx fxsr sse sse2 ss ht tm pbe syscall nx pdpe1gb rdtscp lm constant_tsc art arch_perfmon pebs bts rep_good nopl xtopology nonstop_tsc cpuid aperfmperf tsc_known_freq pni pclmulqdq dtes64 monitor ds_cpl vmx est tm2 ssse3 sdbg fma cx16 xtpr pdcm pcid sse4_1 sse4_2 x2apic movbe popcnt tsc_deadline_timer aes xsave avx f16c rdrand lahf_lm abm 3dnowprefetch cpuid_fault epb invpcid_single pti ssbd ibrs ibpb stibp tpr_shadow vnmi flexpriority ept vpid ept_ad fsgsbase tsc_adjust bmi1 avx2 smep bmi2 erms invpcid mpx rdseed adx smap clflushopt intel_pt xsaveopt xsavec xgetbv1 xsaves dtherm ida arat pln pts hwp hwp_notify hwp_act_window hwp_epp flush_l1d
bugs		: cpu_meltdown spectre_v1 spectre_v2 spec_store_bypass l1tf mds swapgs itlb_multihit
bogomips	: 4608.00
clflush size	: 64
cache_alignment	: 64
address sizes	: 39 bits physical, 48 bits virtual
power management:

processor	: 3
vendor_id	: GenuineIntel
cpu family	: 6
model		: 158
model name	: Intel(R) Core(TM) i5-8300H CPU @ 2.30GHz
stepping	: 10
microcode	: 0xca
cpu MHz		: 3899.980
cache size	: 8192 KB
physical id	: 0
siblings	: 8
core id		: 3
cpu cores	: 4
apicid		: 6
initial apicid	: 6
fpu		: yes
fpu_exception	: yes
cpuid level	: 22
wp		: yes
flags		: fpu vme de pse tsc msr pae mce cx8 apic sep mtrr pge mca cmov pat pse36 clflush dts acpi mmx fxsr sse sse2 ss ht tm pbe syscall nx pdpe1gb rdtscp lm constant_tsc art arch_perfmon pebs bts rep_good nopl xtopology nonstop_tsc cpuid aperfmperf tsc_known_freq pni pclmulqdq dtes64 monitor ds_cpl vmx est tm2 ssse3 sdbg fma cx16 xtpr pdcm pcid sse4_1 sse4_2 x2apic movbe popcnt tsc_deadline_timer aes xsave avx f16c rdrand lahf_lm abm 3dnowprefetch cpuid_fault epb invpcid_single pti ssbd ibrs ibpb stibp tpr_shadow vnmi flexpriority ept vpid ept_ad fsgsbase tsc_adjust bmi1 avx2 smep bmi2 erms invpcid mpx rdseed adx smap clflushopt intel_pt xsaveopt xsavec xgetbv1 xsaves dtherm ida arat pln pts hwp hwp_notify hwp_act_window hwp_epp flush_l1d
bugs		: cpu_meltdown spectre_v1 spectre_v2 spec_store_bypass l1tf mds swapgs itlb_multihit
bogomips	: 4608.00
clflush size	: 64
cache_alignment	: 64
address sizes	: 39 bits physical, 48 bits virtual
power management:

processor	: 4
vendor_id	: GenuineIntel
cpu family	: 6
model		: 158
model name	: Intel(R) Core(TM) i5-8300H CPU @ 2.30GHz
stepping	: 10
microcode	: 0xca
cpu MHz		: 3900.048
cache size	: 8192 KB
physical id	: 0
siblings	: 8
core id		: 0
cpu cores	: 4
apicid		: 1
initial apicid	: 1
fpu		: yes
fpu_exception	: yes
cpuid level	: 22
wp		: yes
flags		: fpu vme de pse tsc msr pae mce cx8 apic sep mtrr pge mca cmov pat pse36 clflush dts acpi mmx fxsr sse sse2 ss ht tm pbe syscall nx pdpe1gb rdtscp lm constant_tsc art arch_perfmon pebs bts rep_good nopl xtopology nonstop_tsc cpuid aperfmperf tsc_known_freq pni pclmulqdq dtes64 monitor ds_cpl vmx est tm2 ssse3 sdbg fma cx16 xtpr pdcm pcid sse4_1 sse4_2 x2apic movbe popcnt tsc_deadline_timer aes xsave avx f16c rdrand lahf_lm abm 3dnowprefetch cpuid_fault epb invpcid_single pti ssbd ibrs ibpb stibp tpr_shadow vnmi flexpriority ept vpid ept_ad fsgsbase tsc_adjust bmi1 avx2 smep bmi2 erms invpcid mpx rdseed adx smap clflushopt intel_pt xsaveopt xsavec xgetbv1 xsaves dtherm ida arat pln pts hwp hwp_notify hwp_act_window hwp_epp md_clear flush_l1d
bugs		: cpu_meltdown spectre_v1 spectre_v2 spec_store_bypass l1tf mds swapgs itlb_multihit
bogomips	: 4608.00
clflush size	: 64
cache_alignment	: 64
address sizes	: 39 bits physical, 48 bits virtual
power management:

processor	: 5
vendor_id	: GenuineIntel
cpu family	: 6
model		: 158
model name	: Intel(R) Core(TM) i5-8300H CPU @ 2.30GHz
stepping	: 10
microcode	: 0xca
cpu MHz		: 3900.000
cache size	: 8192 KB
physical id	: 0
siblings	: 8
core id		: 1
cpu cores	: 4
apicid		: 3
initial apicid	: 3
fpu		: yes
fpu_exception	: yes
cpuid level	: 22
wp		: yes
flags		: fpu vme de pse tsc msr pae mce cx8 apic sep mtrr pge mca cmov pat pse36 clflush dts acpi mmx fxsr sse sse2 ss ht tm pbe syscall nx pdpe1gb rdtscp lm constant_tsc art arch_perfmon pebs bts rep_good nopl xtopology nonstop_tsc cpuid aperfmperf tsc_known_freq pni pclmulqdq dtes64 monitor ds_cpl vmx est tm2 ssse3 sdbg fma cx16 xtpr pdcm pcid sse4_1 sse4_2 x2apic movbe popcnt tsc_deadline_timer aes xsave avx f16c rdrand lahf_lm abm 3dnowprefetch cpuid_fault epb invpcid_single pti ssbd ibrs ibpb stibp tpr_shadow vnmi flexpriority ept vpid ept_ad fsgsbase tsc_adjust bmi1 avx2 smep bmi2 erms invpcid mpx rdseed adx smap clflushopt intel_pt xsaveopt xsavec xgetbv1 xsaves dtherm ida arat pln pts hwp hwp_notify hwp_act_window hwp_epp md_clear flush_l1d
bugs		: cpu_meltdown spectre_v1 spectre_v2 spec_store_bypass l1tf mds swapgs itlb_multihit
bogomips	: 4608.00
clflush size	: 64
cache_alignment	: 64
address sizes	: 39 bits physical, 48 bits virtual
power management:

processor	: 6
vendor_id	: GenuineIntel
cpu family	: 6
model		: 158
model name	: Intel(R) Core(TM) i5-8300H CPU @ 2.30GHz
stepping	: 10
microcode	: 0xca
cpu MHz		: 3900.004
cache size	: 8192 KB
physical id	: 0
siblings	: 8
core id		: 2
cpu cores	: 4
apicid		: 5
initial apicid	: 5
fpu		: yes
fpu_exception	: yes
cpuid level	: 22
wp		: yes
flags		: fpu vme de pse tsc msr pae mce cx8 apic sep mtrr pge mca cmov pat pse36 clflush dts acpi mmx fxsr sse sse2 ss ht tm pbe syscall nx pdpe1gb rdtscp lm constant_tsc art arch_perfmon pebs bts rep_good nopl xtopology nonstop_tsc cpuid aperfmperf tsc_known_freq pni pclmulqdq dtes64 monitor ds_cpl vmx est tm2 ssse3 sdbg fma cx16 xtpr pdcm pcid sse4_1 sse4_2 x2apic movbe popcnt tsc_deadline_timer aes xsave avx f16c rdrand lahf_lm abm 3dnowprefetch cpuid_fault epb invpcid_single pti ssbd ibrs ibpb stibp tpr_shadow vnmi flexpriority ept vpid ept_ad fsgsbase tsc_adjust bmi1 avx2 smep bmi2 erms invpcid mpx rdseed adx smap clflushopt intel_pt xsaveopt xsavec xgetbv1 xsaves dtherm ida arat pln pts hwp hwp_notify hwp_act_window hwp_epp md_clear flush_l1d
bugs		: cpu_meltdown spectre_v1 spectre_v2 spec_store_bypass l1tf mds swapgs itlb_multihit
bogomips	: 4608.00
clflush size	: 64
cache_alignment	: 64
address sizes	: 39 bits physical, 48 bits virtual
power management:

processor	: 7
vendor_id	: GenuineIntel
cpu family	: 6
model		: 158
model name	: Intel(R) Core(TM) i5-8300H CPU @ 2.30GHz
stepping	: 10
microcode	: 0xca
cpu MHz		: 3900.025
cache size	: 8192 KB
physical id	: 0
siblings	: 8
core id		: 3
cpu cores	: 4
apicid		: 7
initial apicid	: 7
fpu		: yes
fpu_exception	: yes
cpuid level	: 22
wp		: yes
flags		: fpu vme de pse tsc msr pae mce cx8 apic sep mtrr pge mca cmov pat pse36 clflush dts acpi mmx fxsr sse sse2 ss ht tm pbe syscall nx pdpe1gb rdtscp lm constant_tsc art arch_perfmon pebs bts rep_good nopl xtopology nonstop_tsc cpuid aperfmperf tsc_known_freq pni pclmulqdq dtes64 monitor ds_cpl vmx est tm2 ssse3 sdbg fma cx16 xtpr pdcm pcid sse4_1 sse4_2 x2apic movbe popcnt tsc_deadline_timer aes xsave avx f16c rdrand lahf_lm abm 3dnowprefetch cpuid_fault epb invpcid_single pti ssbd ibrs ibpb stibp tpr_shadow vnmi flexpriority ept vpid ept_ad fsgsbase tsc_adjust bmi1 avx2 smep bmi2 erms invpcid mpx rdseed adx smap clflushopt intel_pt xsaveopt xsavec xgetbv1 xsaves dtherm ida arat pln pts hwp hwp_notify hwp_act_window hwp_epp md_clear flush_l1d
bugs		: cpu_meltdown spectre_v1 spectre_v2 spec_store_bypass l1tf mds swapgs itlb_multihit
bogomips	: 4608.00
clflush size	: 64
cache_alignment	: 64
address sizes	: 39 bits physical, 48 bits virtual
power management:



Memory: 4k page, physical 7968256k(133884k free), swap 3000316k(0k free)

vm_info: Java HotSpot(TM) 64-Bit Server VM (25.231-b11) for linux-amd64 JRE (1.8.0_231-b11), built on Oct  5 2019 03:00:41 by "java_re" with gcc 7.3.0

time: Thu Nov 28 15:19:40 2019
timezone: CET
elapsed time: 9 seconds (0d 0h 0m 9s)

